2024-01-25 09:00:30,769 [INFO] Activator:176 - 


2024-01-25 09:00:30,780 [INFO] Activator:177 - !SESSION log4j initialized
2024-01-25 09:00:42,659 [INFO] LogOutputStream:77 - [STDOUT_REDIRECT] 
2024-01-25 09:00:48,686 [INFO] McuFinderGlobals:63 - Set McuFinder mode to 2 (CubeIDE integrated)
2024-01-25 09:00:51,518 [INFO] ApplicationProperties:184 - Using Application install path: C:\ST\STM32CubeIDE_1.13.2\STM32CubeIDE\plugins\com.st.stm32cube.common.mx_6.10.0.202311202037
2024-01-25 09:00:51,540 [INFO] DbMcusXml:78 - Set database path to: C:\ST\STM32CubeIDE_1.13.2\STM32CubeIDE\plugins\com.st.stm32cube.common.mx_6.10.0.202311202037\\db\/mcu/
2024-01-25 09:00:51,541 [INFO] ApiDb:274 - Set plugin database path to: C:\ST\STM32CubeIDE_1.13.2\STM32CubeIDE\plugins\com.st.stm32cube.common.mx_6.10.0.202311202037\\db\/plugins/boardmanager/
2024-01-25 09:00:51,541 [WARN] ApiDb:259 - Overriding images path with different value:  => C:\ST\STM32CubeIDE_1.13.2\STM32CubeIDE\plugins\com.st.stm32cube.common.mx_6.10.0.202311202037\\db\/plugins/mcufinder/images/
2024-01-25 09:00:51,554 [INFO] ApiDb:250 - Set database path to: C:\Users\박병준\.stmcufinder\plugins\mcufinder//mcu/
2024-01-25 09:00:51,556 [INFO] DbMcusAds:125 - Set database path to: C:\Users\박병준\.stmcufinder\plugins\mcufinder//mcu/
2024-01-25 09:00:51,558 [INFO] CrossReferenceDbSqlite:203 - Set database path to: C:\Users\박병준\.stmcufinder\plugins\mcufinder//mcu/cs/
2024-01-25 09:00:51,734 [INFO] RulesReader:64 - Compatibility file has been processed (297 Rules)
2024-01-25 09:00:51,850 [INFO] DbMcusXml:78 - Set database path to: C:\ST\STM32CubeIDE_1.13.2\STM32CubeIDE\plugins\com.st.stm32cube.common.mx_6.10.0.202311202037\\db\/mcu/
2024-01-25 09:00:51,850 [INFO] ApiDb:274 - Set plugin database path to: C:\ST\STM32CubeIDE_1.13.2\STM32CubeIDE\plugins\com.st.stm32cube.common.mx_6.10.0.202311202037\\db\/plugins/boardmanager/
2024-01-25 09:00:51,850 [INFO] ApiDb:261 - Set plugin images path to: C:\ST\STM32CubeIDE_1.13.2\STM32CubeIDE\plugins\com.st.stm32cube.common.mx_6.10.0.202311202037\\db\/plugins/mcufinder/images/
2024-01-25 09:00:51,851 [WARN] DbFile:41 - Overriding database path with different value: C:\Users\박병준\.stmcufinder\plugins\mcufinder/ => C:\Users\박병준\.stmcufinder\plugins\mcufinder
2024-01-25 09:00:51,851 [INFO] ApiDb:250 - Set database path to: C:\Users\박병준\.stmcufinder\plugins\mcufinder//mcu/
2024-01-25 09:00:51,851 [WARN] DbFile:41 - Overriding database path with different value: C:\Users\박병준\.stmcufinder\plugins\mcufinder/ => C:\Users\박병준\.stmcufinder\plugins\mcufinder
2024-01-25 09:00:51,851 [INFO] DbMcusAds:125 - Set database path to: C:\Users\박병준\.stmcufinder\plugins\mcufinder//mcu/
2024-01-25 09:00:51,851 [WARN] DbFile:41 - Overriding database path with different value: C:\Users\박병준\.stmcufinder\plugins\mcufinder/ => C:\Users\박병준\.stmcufinder\plugins\mcufinder
2024-01-25 09:00:51,851 [WARN] DbFile:41 - Overriding database path with different value: C:\Users\박병준\.stmcufinder\plugins\mcufinder/ => C:\Users\박병준\.stmcufinder\plugins\mcufinder
2024-01-25 09:00:51,851 [INFO] CrossReferenceDbSqlite:203 - Set database path to: C:\Users\박병준\.stmcufinder\plugins\mcufinder//mcu/cs/
2024-01-25 09:00:51,945 [INFO] MainPanel:264 - HeapMemory: 268435456
2024-01-25 09:00:52,052 [INFO] DbMcusXml:78 - Set database path to: C:\ST\STM32CubeIDE_1.13.2\STM32CubeIDE\plugins\com.st.stm32cube.common.mx_6.10.0.202311202037\\db\/mcu/
2024-01-25 09:00:52,052 [INFO] ApiDb:274 - Set plugin database path to: C:\ST\STM32CubeIDE_1.13.2\STM32CubeIDE\plugins\com.st.stm32cube.common.mx_6.10.0.202311202037\\db\/plugins/boardmanager/
2024-01-25 09:00:52,052 [INFO] ApiDb:261 - Set plugin images path to: C:\ST\STM32CubeIDE_1.13.2\STM32CubeIDE\plugins\com.st.stm32cube.common.mx_6.10.0.202311202037\\db\/plugins/mcufinder/images/
2024-01-25 09:00:52,052 [WARN] DbFile:41 - Overriding database path with different value: C:\Users\박병준\.stmcufinder\plugins\mcufinder/ => C:\Users\박병준\.stmcufinder\plugins\mcufinder
2024-01-25 09:00:52,052 [INFO] ApiDb:250 - Set database path to: C:\Users\박병준\.stmcufinder\plugins\mcufinder//mcu/
2024-01-25 09:00:52,053 [WARN] DbFile:41 - Overriding database path with different value: C:\Users\박병준\.stmcufinder\plugins\mcufinder/ => C:\Users\박병준\.stmcufinder\plugins\mcufinder
2024-01-25 09:00:52,053 [INFO] DbMcusAds:125 - Set database path to: C:\Users\박병준\.stmcufinder\plugins\mcufinder//mcu/
2024-01-25 09:00:52,053 [WARN] DbFile:41 - Overriding database path with different value: C:\Users\박병준\.stmcufinder\plugins\mcufinder/ => C:\Users\박병준\.stmcufinder\plugins\mcufinder
2024-01-25 09:00:52,053 [WARN] DbFile:41 - Overriding database path with different value: C:\Users\박병준\.stmcufinder\plugins\mcufinder/ => C:\Users\박병준\.stmcufinder\plugins\mcufinder
2024-01-25 09:00:52,053 [INFO] CrossReferenceDbSqlite:203 - Set database path to: C:\Users\박병준\.stmcufinder\plugins\mcufinder//mcu/cs/
2024-01-25 09:00:52,073 [INFO] ApplicationProperties:184 - Using Application install path: C:\ST\STM32CubeIDE_1.13.2\STM32CubeIDE\plugins\com.st.stm32cube.common.mx_6.10.0.202311202037
2024-01-25 09:00:52,074 [INFO] PluginManage:196 - Search for loadable plugins [exclusion list=, ]
2024-01-25 09:00:52,076 [INFO] PluginManage:310 - Check plugin analytics
2024-01-25 09:00:57,031 [INFO] AnalyticsPlugin:253 - Accepted Software Licenses: STM32CubeMX.6.9.2
2024-01-25 09:00:57,031 [INFO] AnalyticsPlugin:255 - Accepted CMSIS Pack Licenses: STMicroelectronics.X-CUBE-AZRTOS-F4.1.1.0
2024-01-25 09:00:57,031 [INFO] AnalyticsPlugin:257 - Accepted Firmware Licenses: FW.F4.1.27.0,FW.F4.1.28.0
2024-01-25 09:00:57,033 [INFO] PluginManage:359 - Loaded plugin analytics (category:tool,tabindex:-1)
2024-01-25 09:00:57,034 [INFO] PluginManage:310 - Check plugin cadmodel
2024-01-25 09:00:57,072 [INFO] CADModel:105 - Init CAD model plugin
2024-01-25 09:00:57,072 [INFO] PluginManage:359 - Loaded plugin cadmodel (category:power,tabindex:5)
2024-01-25 09:00:57,073 [INFO] PluginManage:310 - Check plugin clock
2024-01-25 09:00:57,098 [INFO] PluginManage:359 - Loaded plugin clock (category:base,tabindex:2)
2024-01-25 09:00:57,098 [INFO] PluginManage:310 - Check plugin ddr
2024-01-25 09:00:57,101 [INFO] PluginManage:359 - Loaded plugin ddr (category:tool,tabindex:6)
2024-01-25 09:00:57,101 [INFO] PluginManage:310 - Check plugin filemanager
2024-01-25 09:00:57,246 [INFO] PluginManage:359 - Loaded plugin filemanager (category:base,tabindex:10)
2024-01-25 09:00:57,247 [INFO] PluginManage:310 - Check plugin ipmanager
2024-01-25 09:00:57,255 [INFO] PluginManage:359 - Loaded plugin ipmanager (category:base,tabindex:5)
2024-01-25 09:00:57,255 [INFO] PluginManage:310 - Check plugin lpbam
2024-01-25 09:00:57,275 [INFO] PluginManage:359 - Loaded plugin lpbam (category:base,tabindex:0)
2024-01-25 09:00:57,275 [INFO] PluginManage:310 - Check plugin memorymap
2024-01-25 09:00:57,303 [INFO] PluginManage:359 - Loaded plugin memorymap (category:base,tabindex:4)
2024-01-25 09:00:57,303 [INFO] PluginManage:310 - Check plugin pinoutandconfiguration
2024-01-25 09:00:57,322 [INFO] PluginManage:359 - Loaded plugin pinoutandconfiguration (category:base,tabindex:1)
2024-01-25 09:00:57,323 [INFO] PluginManage:310 - Check plugin pinoutconfig
2024-01-25 09:00:57,428 [WARN] SupportedApi:132 - Cannot load RTOS API schema: s4s-elt-must-match.1: The content of 'definitions' must match (annotation?, (simpleType | complexType)?, (unique | key | keyref)*)). A problem was found starting at: attribute.
2024-01-25 09:00:57,577 [INFO] PluginManage:359 - Loaded plugin pinoutconfig (category:base,tabindex:0)
2024-01-25 09:00:57,577 [INFO] PluginManage:310 - Check plugin power
2024-01-25 09:00:57,604 [INFO] PluginManage:359 - Loaded plugin power (category:power,tabindex:4)
2024-01-25 09:00:57,604 [INFO] PluginManage:310 - Check plugin projectmanager
2024-01-25 09:00:57,621 [INFO] PluginManage:359 - Loaded plugin projectmanager (category:projectmanager,tabindex:3)
2024-01-25 09:00:57,622 [INFO] PluginManage:310 - Check plugin thirdparty
2024-01-25 09:00:57,953 [INFO] PluginManage:359 - Loaded plugin thirdparty (category:base,tabindex:-1)
2024-01-25 09:00:57,954 [INFO] PluginManage:310 - Check plugin tools
2024-01-25 09:00:57,953 [WARN] IntegrityCheckThread:84 - waiting for thirdparty lock release [integrity check]
2024-01-25 09:00:57,954 [INFO] IntegrityCheckThread:86 - entering critical section [integrity check]
2024-01-25 09:00:57,955 [INFO] ThirdPartyUpdaterWithRetryManager:70 - Updater plugin not ready yet. [1/15]
2024-01-25 09:00:57,990 [INFO] PluginManage:359 - Loaded plugin tools (category:base,tabindex:7)
2024-01-25 09:00:57,990 [INFO] PluginManage:310 - Check plugin tutovideos
2024-01-25 09:00:58,215 [INFO] PluginManage:359 - Loaded plugin tutovideos (category:base,tabindex:-1)
2024-01-25 09:00:58,215 [INFO] PluginManage:310 - Check plugin updater
2024-01-25 09:00:58,229 [INFO] PluginManage:359 - Loaded plugin updater (category:base,tabindex:12)
2024-01-25 09:00:58,229 [INFO] PluginManage:310 - Check plugin userauth
2024-01-25 09:00:58,236 [INFO] UserAuth:114 - Init User Auth plugin
2024-01-25 09:00:58,237 [INFO] PluginManage:359 - Loaded plugin userauth (category:base,tabindex:14)
2024-01-25 09:00:58,237 [INFO] PluginManage:283 - PluginManage : Loaded plugins [17]
2024-01-25 09:00:58,477 [INFO] PinOutPanel:1499 - setPackage(No Configuration,No Configuration)
2024-01-25 09:00:58,561 [INFO] CADModel:165 - CPN selected for project level
2024-01-25 09:00:58,561 [INFO] CADModel:114 - Register for checkConnection events
2024-01-25 09:00:58,591 [INFO] IPUIPlugin:80 - create IPUIPlugin
2024-01-25 09:00:58,591 [INFO] PluginManager:220 - loadIPPluginJar : add adc
2024-01-25 09:00:58,631 [INFO] IPUIPlugin:80 - create IPUIPlugin
2024-01-25 09:00:58,631 [INFO] PluginManager:220 - loadIPPluginJar : add aes
2024-01-25 09:00:58,677 [INFO] IPUIPlugin:80 - create IPUIPlugin
2024-01-25 09:00:58,677 [INFO] PluginManager:220 - loadIPPluginJar : add can
2024-01-25 09:00:58,704 [INFO] IPUIPlugin:80 - create IPUIPlugin
2024-01-25 09:00:58,704 [INFO] PluginManager:220 - loadIPPluginJar : add comp
2024-01-25 09:00:58,741 [INFO] IPUIPlugin:80 - create IPUIPlugin
2024-01-25 09:00:58,741 [INFO] PluginManager:220 - loadIPPluginJar : add cryp
2024-01-25 09:00:58,780 [INFO] IPUIPlugin:80 - create IPUIPlugin
2024-01-25 09:00:58,780 [INFO] PluginManager:220 - loadIPPluginJar : add dfsdm
2024-01-25 09:00:58,797 [INFO] IPUIPlugin:80 - create IPUIPlugin
2024-01-25 09:00:58,797 [INFO] PluginManager:220 - loadIPPluginJar : add dma
2024-01-25 09:00:58,843 [INFO] IPUIPlugin:80 - create IPUIPlugin
2024-01-25 09:00:58,843 [INFO] PluginManager:220 - loadIPPluginJar : add dma3
2024-01-25 09:00:58,864 [INFO] IPUIPlugin:80 - create IPUIPlugin
2024-01-25 09:00:58,864 [INFO] PluginManager:220 - loadIPPluginJar : add fatfs
2024-01-25 09:00:58,913 [INFO] IPUIPlugin:80 - create IPUIPlugin
2024-01-25 09:00:58,913 [INFO] PluginManager:220 - loadIPPluginJar : add fmc
2024-01-25 09:00:58,931 [INFO] IPUIPlugin:80 - create IPUIPlugin
2024-01-25 09:00:58,931 [INFO] PluginManager:220 - loadIPPluginJar : add freertos
2024-01-25 09:00:58,952 [INFO] IPUIPlugin:80 - create IPUIPlugin
2024-01-25 09:00:58,953 [INFO] PluginManager:220 - loadIPPluginJar : add genericplugin
2024-01-25 09:00:59,045 [INFO] IPUIPlugin:80 - create IPUIPlugin
2024-01-25 09:00:59,045 [INFO] PluginManager:220 - loadIPPluginJar : add gfxmmu
2024-01-25 09:00:59,182 [INFO] IPUIPlugin:80 - create IPUIPlugin
2024-01-25 09:00:59,182 [INFO] PluginManager:220 - loadIPPluginJar : add gic
2024-01-25 09:00:59,212 [INFO] IPUIPlugin:80 - create IPUIPlugin
2024-01-25 09:00:59,212 [INFO] PluginManager:220 - loadIPPluginJar : add gpio
2024-01-25 09:00:59,304 [INFO] IPUIPlugin:80 - create IPUIPlugin
2024-01-25 09:00:59,304 [INFO] PluginManager:220 - loadIPPluginJar : add gtzc
2024-01-25 09:00:59,341 [INFO] IPUIPlugin:80 - create IPUIPlugin
2024-01-25 09:00:59,341 [INFO] PluginManager:220 - loadIPPluginJar : add hash
2024-01-25 09:00:59,394 [INFO] IPUIPlugin:80 - create IPUIPlugin
2024-01-25 09:00:59,394 [INFO] PluginManager:220 - loadIPPluginJar : add i2c
2024-01-25 09:00:59,434 [INFO] IPUIPlugin:80 - create IPUIPlugin
2024-01-25 09:00:59,434 [INFO] PluginManager:220 - loadIPPluginJar : add i2s
2024-01-25 09:00:59,476 [INFO] IPUIPlugin:80 - create IPUIPlugin
2024-01-25 09:00:59,476 [INFO] PluginManager:220 - loadIPPluginJar : add i3c
2024-01-25 09:00:59,583 [INFO] IPUIPlugin:80 - create IPUIPlugin
2024-01-25 09:00:59,583 [INFO] PluginManager:220 - loadIPPluginJar : add ipddr
2024-01-25 09:00:59,678 [INFO] IPUIPlugin:80 - create IPUIPlugin
2024-01-25 09:00:59,679 [INFO] PluginManager:220 - loadIPPluginJar : add linkedlist
2024-01-25 09:00:59,729 [INFO] IPUIPlugin:80 - create IPUIPlugin
2024-01-25 09:00:59,729 [INFO] PluginManager:220 - loadIPPluginJar : add lorawan
2024-01-25 09:00:59,766 [INFO] IPUIPlugin:80 - create IPUIPlugin
2024-01-25 09:00:59,766 [INFO] PluginManager:220 - loadIPPluginJar : add ltdc
2024-01-25 09:00:59,783 [INFO] IPUIPlugin:80 - create IPUIPlugin
2024-01-25 09:00:59,783 [INFO] PluginManager:220 - loadIPPluginJar : add mdma
2024-01-25 09:00:59,797 [INFO] IPUIPlugin:80 - create IPUIPlugin
2024-01-25 09:00:59,797 [INFO] PluginManager:220 - loadIPPluginJar : add nvic
2024-01-25 09:00:59,834 [INFO] IPUIPlugin:80 - create IPUIPlugin
2024-01-25 09:00:59,834 [INFO] PluginManager:220 - loadIPPluginJar : add opamp
2024-01-25 09:00:59,895 [INFO] IPUIPlugin:80 - create IPUIPlugin
2024-01-25 09:00:59,895 [INFO] PluginManager:220 - loadIPPluginJar : add openamp
2024-01-25 09:00:59,941 [INFO] IPUIPlugin:80 - create IPUIPlugin
2024-01-25 09:00:59,941 [INFO] PluginManager:220 - loadIPPluginJar : add pdm2pcm
2024-01-25 09:00:59,959 [INFO] IPUIPlugin:80 - create IPUIPlugin
2024-01-25 09:00:59,963 [INFO] PluginManager:220 - loadIPPluginJar : add plateformsettings
2024-01-25 09:00:59,988 [INFO] IPUIPlugin:80 - create IPUIPlugin
2024-01-25 09:00:59,988 [INFO] PluginManager:220 - loadIPPluginJar : add quadspi
2024-01-25 09:01:00,002 [INFO] IPUIPlugin:80 - create IPUIPlugin
2024-01-25 09:01:00,002 [INFO] PluginManager:220 - loadIPPluginJar : add resmgrutility
2024-01-25 09:01:00,055 [INFO] IPUIPlugin:80 - create IPUIPlugin
2024-01-25 09:01:00,055 [INFO] PluginManager:220 - loadIPPluginJar : add sai
2024-01-25 09:01:00,093 [INFO] IPUIPlugin:80 - create IPUIPlugin
2024-01-25 09:01:00,093 [INFO] PluginManager:220 - loadIPPluginJar : add spi
2024-01-25 09:01:00,164 [INFO] IPUIPlugin:80 - create IPUIPlugin
2024-01-25 09:01:00,164 [INFO] PluginManager:220 - loadIPPluginJar : add stm32_wpan
2024-01-25 09:01:00,195 [INFO] IPUIPlugin:80 - create IPUIPlugin
2024-01-25 09:01:00,195 [INFO] PluginManager:220 - loadIPPluginJar : add tim
2024-01-25 09:01:00,254 [INFO] IPUIPlugin:80 - create IPUIPlugin
2024-01-25 09:01:00,254 [INFO] PluginManager:220 - loadIPPluginJar : add touchsensing
2024-01-25 09:01:00,282 [INFO] IPUIPlugin:80 - create IPUIPlugin
2024-01-25 09:01:00,282 [INFO] PluginManager:220 - loadIPPluginJar : add tracer_emb
2024-01-25 09:01:00,307 [INFO] IPUIPlugin:80 - create IPUIPlugin
2024-01-25 09:01:00,307 [INFO] PluginManager:220 - loadIPPluginJar : add ts
2024-01-25 09:01:00,329 [INFO] IPUIPlugin:80 - create IPUIPlugin
2024-01-25 09:01:00,329 [INFO] PluginManager:220 - loadIPPluginJar : add tsc
2024-01-25 09:01:00,354 [INFO] IPUIPlugin:80 - create IPUIPlugin
2024-01-25 09:01:00,354 [INFO] PluginManager:220 - loadIPPluginJar : add ucpd
2024-01-25 09:01:00,401 [INFO] IPUIPlugin:80 - create IPUIPlugin
2024-01-25 09:01:00,401 [INFO] PluginManager:220 - loadIPPluginJar : add usart
2024-01-25 09:01:00,446 [INFO] IPUIPlugin:80 - create IPUIPlugin
2024-01-25 09:01:00,447 [INFO] PluginManager:220 - loadIPPluginJar : add usbx
2024-01-25 09:01:00,579 [INFO] CADModel:165 - CPN selected for project level
2024-01-25 09:01:00,579 [INFO] CADModel:114 - Register for checkConnection events
2024-01-25 09:01:00,579 [FATAL] Updater:308 - Updater called before beeing initialized
2024-01-25 09:01:00,580 [ERROR] CADModel:125 - Updater not yet initialized, retry later 
2024-01-25 09:01:00,758 [INFO] CADModel:165 - CPN selected for project level
2024-01-25 09:01:00,758 [INFO] CADModel:114 - Register for checkConnection events
2024-01-25 09:01:00,758 [FATAL] Updater:308 - Updater called before beeing initialized
2024-01-25 09:01:00,758 [ERROR] CADModel:125 - Updater not yet initialized, retry later 
2024-01-25 09:01:00,762 [FATAL] Updater:308 - Updater called before beeing initialized
2024-01-25 09:01:00,883 [FATAL] Updater:308 - Updater called before beeing initialized
2024-01-25 09:01:00,894 [INFO] DbMcusAds:53 - JSON generation date=Wed Nov 29 19:52:27 KST 2023 (1701255147349)
2024-01-25 09:01:00,894 [FATAL] Updater:308 - Updater called before beeing initialized
2024-01-25 09:01:00,955 [INFO] ThirdPartyUpdaterWithRetryManager:70 - Updater plugin not ready yet. [2/15]
2024-01-25 09:01:00,990 [WARN] DetailPanel:346 - Failed to get advertising image, set to default
2024-01-25 09:01:01,084 [FATAL] Updater:308 - Updater called before beeing initialized
2024-01-25 09:01:01,087 [FATAL] Updater:308 - Updater called before beeing initialized
2024-01-25 09:01:01,087 [FATAL] Updater:308 - Updater called before beeing initialized
2024-01-25 09:01:01,087 [WARN] DetailPanel:346 - Failed to get advertising image, set to default
2024-01-25 09:01:01,088 [FATAL] Updater:308 - Updater called before beeing initialized
2024-01-25 09:01:01,165 [ERROR] Updater:1120 - MainUpdater not yet initialized. External WinMGr cannot be set.
2024-01-25 09:01:01,179 [INFO] Updater:1056 - Updater Version found : 6.10.0
2024-01-25 09:01:01,203 [INFO] ApplicationProperties:184 - Using Application install path: C:\ST\STM32CubeIDE_1.13.2\STM32CubeIDE\plugins\com.st.stm32cube.common.mx_6.10.0.202311202037
2024-01-25 09:01:02,135 [INFO] MainUpdater:2873 - connection check result : 10
2024-01-25 09:01:02,136 [INFO] MainUpdater:290 - Updater Check For Update Now.
2024-01-25 09:01:02,136 [INFO] MicroXplorer:498 - Change Database Version : DB.6.0.100
2024-01-25 09:01:02,157 [INFO] McuFinderGlobals:63 - Set McuFinder mode to 2 (CubeIDE integrated)
2024-01-25 09:01:02,172 [INFO] UserAuth:404 - Internet connection configuration mode: 1
2024-01-25 09:01:02,206 [INFO] JxBrowserEngine:152 - Initiate JxBrowser Engine with user profile folder
2024-01-25 09:01:02,365 [INFO] CheckServerUpdateThread:120 - End of CheckServer Thread
2024-01-25 09:01:02,377 [INFO] MainUpdater:2873 - connection check result : 10
2024-01-25 09:01:02,386 [INFO] MainUpdater:2873 - connection check result : 10
2024-01-25 09:01:02,579 [INFO] MicroXplorer:468 - Change Database Path : 
2024-01-25 09:01:02,579 [INFO] MicroXplorer:498 - Change Database Version : DB.6.0.100
2024-01-25 09:01:02,585 [WARN] ThirdParty:871 - waiting for thirdparty lock release [close project]
2024-01-25 09:01:04,144 [WARN] PackLoader:240 - Cannot read IP mode file for STMicroelectronics.X-CUBE-SMBUS.2.1.0
2024-01-25 09:01:04,163 [WARN] PackLoader:240 - Cannot read IP mode file for STMicroelectronics.X-CUBE-TOUCHGFX.4.23.0
2024-01-25 09:01:04,217 [WARN] PackLoader:240 - Cannot read IP mode file for STMicroelectronics.X-CUBE-AZRTOS-F7.1.1.0
2024-01-25 09:01:04,244 [WARN] PackLoader:240 - Cannot read IP mode file for STMicroelectronics.FP-SNS-MOTENV1.4.3.2
2024-01-25 09:01:04,263 [WARN] PackLoader:240 - Cannot read IP mode file for STMicroelectronics.FP-SNS-FLIGHT1.5.0.2
2024-01-25 09:01:04,286 [WARN] PackLoader:240 - Cannot read IP mode file for STMicroelectronics.X-CUBE-DISPLAY.3.0.0
2024-01-25 09:01:04,311 [WARN] PackLoader:240 - Cannot read IP mode file for STMicroelectronics.X-CUBE-BLE1.7.0.0
2024-01-25 09:01:04,330 [WARN] PackLoader:240 - Cannot read IP mode file for emotas.I-CUBE-CANOPEN.1.3.0
2024-01-25 09:01:04,350 [WARN] PackLoader:240 - Cannot read IP mode file for STMicroelectronics.X-CUBE-TOUCHGFX.4.22.1
2024-01-25 09:01:04,369 [WARN] PackLoader:240 - Cannot read IP mode file for STMicroelectronics.FP-SNS-SMARTAG2.1.2.0
2024-01-25 09:01:04,403 [INFO] LogOutputStream:77 - [STDOUT_REDIRECT] 1 : Invalid condition id : UX_CORESTACK_Condition cause : null
2024-01-25 09:01:04,405 [INFO] LogOutputStream:77 - [STDOUT_REDIRECT] 1 : Invalid condition id : UX_CORESTACK_Condition cause : null
2024-01-25 09:01:04,406 [INFO] LogOutputStream:77 - [STDOUT_REDIRECT] 1 : Invalid condition id : UX_CORESTACK_Condition cause : null
2024-01-25 09:01:04,408 [INFO] LogOutputStream:77 - [STDOUT_REDIRECT] 1 : Invalid condition id : UX_CORESTACK_Condition cause : null
2024-01-25 09:01:04,409 [INFO] LogOutputStream:77 - [STDOUT_REDIRECT] 1 : Invalid condition id : UX_CORESTACK_Condition cause : null
2024-01-25 09:01:04,412 [WARN] PackLoader:240 - Cannot read IP mode file for STMicroelectronics.X-CUBE-AZRTOS-WL.2.0.0
2024-01-25 09:01:04,431 [WARN] PackLoader:240 - Cannot read IP mode file for WES.I-CUBE-Cesium.1.3.0
2024-01-25 09:01:04,449 [WARN] PackLoader:240 - Cannot read IP mode file for STMicroelectronics.X-CUBE-BLE2.3.3.0
2024-01-25 09:01:04,482 [WARN] PackLoader:240 - Cannot read IP mode file for STMicroelectronics.X-CUBE-ALGOBUILD.1.3.0
2024-01-25 09:01:04,526 [WARN] PackLoader:240 - Cannot read IP mode file for STMicroelectronics.X-CUBE-AZRTOS-G0.1.1.0
2024-01-25 09:01:04,548 [WARN] PackLoader:240 - Cannot read IP mode file for STMicroelectronics.X-CUBE-NFC4.3.0.0
2024-01-25 09:01:04,573 [WARN] PackLoader:240 - Cannot read IP mode file for STMicroelectronics.X-CUBE-BLEMGR.3.0.0
2024-01-25 09:01:04,589 [WARN] PackLoader:240 - Cannot read IP mode file for STMicroelectronics.FP-ATR-SIGFOX1.3.2.0
2024-01-25 09:01:04,630 [WARN] PackLoader:240 - Cannot read IP mode file for SEGGER.I-CUBE-embOS.1.3.1
2024-01-25 09:01:04,690 [WARN] PackLoader:240 - Cannot read IP mode file for STMicroelectronics.X-CUBE-GNSS1.6.0.0
2024-01-25 09:01:04,738 [WARN] PackLoader:240 - Cannot read IP mode file for STMicroelectronics.X-CUBE-AZRTOS-F4.1.1.0
2024-01-25 09:01:05,037 [WARN] PackLoader:240 - Cannot read IP mode file for wolfSSL.I-CUBE-wolfSSL.5.6.3
2024-01-25 09:01:05,078 [WARN] PackLoader:240 - Cannot read IP mode file for STMicroelectronics.X-CUBE-AZRTOS-L5.2.0.0
2024-01-25 09:01:05,101 [WARN] PackLoader:240 - Cannot read IP mode file for STMicroelectronics.X-CUBE-EEPRMA1.4.2.0
2024-01-25 09:01:05,119 [WARN] PackLoader:240 - Cannot read IP mode file for ITTIA_DB.I-CUBE-ITTIADB.8.8.0
2024-01-25 09:01:05,137 [WARN] PackLoader:240 - Cannot read IP mode file for STMicroelectronics.X-CUBE-BLEMGR.2.0.0
2024-01-25 09:01:05,177 [WARN] ConditionMgr:438 - getConditionDescription Invalid condition id : UX DEVICE CLASS RTOS Condition cause : null
2024-01-25 09:01:05,177 [WARN] ConditionMgr:438 - getConditionDescription Invalid condition id : UX DEVICE CLASS RTOS Condition cause : null
2024-01-25 09:01:05,185 [WARN] PackLoader:240 - Cannot read IP mode file for STMicroelectronics.X-CUBE-AZRTOS-H7.3.1.0
2024-01-25 09:01:05,186 [WARN] ConditionMgr:1039 - genDependencies : Invalid condition id : UX DEVICE CLASS RTOS Condition cause : null
2024-01-25 09:01:05,186 [WARN] ConditionMgr:1039 - genDependencies : Invalid condition id : UX DEVICE CLASS RTOS Condition cause : null
2024-01-25 09:01:05,187 [WARN] ConditionMgr:1039 - genDependencies : Invalid condition id : UX DEVICE CLASS RTOS Condition cause : null
2024-01-25 09:01:05,188 [WARN] ConditionMgr:1039 - genDependencies : Invalid condition id : UX DEVICE CLASS RTOS Condition cause : null
2024-01-25 09:01:05,188 [WARN] ConditionMgr:1039 - genDependencies : Invalid condition id : UX DEVICE CLASS RTOS Condition cause : null
2024-01-25 09:01:05,214 [WARN] PackLoader:240 - Cannot read IP mode file for STMicroelectronics.X-CUBE-NFC7.1.0.1
2024-01-25 09:01:05,238 [WARN] PackLoader:240 - Cannot read IP mode file for STMicroelectronics.X-CUBE-NFC6.3.0.0
2024-01-25 09:01:05,260 [WARN] PackLoader:240 - Cannot read IP mode file for STMicroelectronics.X-CUBE-EEPRMA1.4.1.0
2024-01-25 09:01:05,281 [WARN] PackLoader:240 - Cannot read IP mode file for STMicroelectronics.X-CUBE-AI.8.1.0
2024-01-25 09:01:05,352 [WARN] ConditionMgr:438 - getConditionDescription Invalid condition id : LAN8742 Phy interface Condition cause : null
2024-01-25 09:01:05,353 [WARN] PackLoader:240 - Cannot read IP mode file for STMicroelectronics.X-CUBE-AZRTOS-L4.2.0.0
2024-01-25 09:01:05,356 [WARN] ConditionMgr:1039 - genDependencies : Invalid condition id : LAN8742 Phy interface Condition cause : null
2024-01-25 09:01:05,358 [WARN] ConditionMgr:1039 - genDependencies : Invalid condition id : LAN8742 Phy interface Condition cause : null
2024-01-25 09:01:05,359 [WARN] ConditionMgr:1039 - genDependencies : Invalid condition id : LAN8742 Phy interface Condition cause : null
2024-01-25 09:01:05,390 [WARN] PackLoader:240 - Cannot read IP mode file for STMicroelectronics.X-CUBE-SFXS2LP1.4.0.0
2024-01-25 09:01:05,408 [WARN] PackLoader:240 - Cannot read IP mode file for STMicroelectronics.X-CUBE-ISPU.1.1.0
2024-01-25 09:01:05,443 [WARN] ConditionMgr:438 - getConditionDescription Invalid condition id : UX DEVICE CLASS RTOS Condition cause : null
2024-01-25 09:01:05,443 [WARN] ConditionMgr:438 - getConditionDescription Invalid condition id : UX DEVICE CLASS RTOS Condition cause : null
2024-01-25 09:01:05,445 [WARN] PackLoader:240 - Cannot read IP mode file for STMicroelectronics.X-CUBE-AZRTOS-WB.2.0.0
2024-01-25 09:01:05,446 [WARN] ConditionMgr:1039 - genDependencies : Invalid condition id : UX DEVICE CLASS RTOS Condition cause : null
2024-01-25 09:01:05,446 [WARN] ConditionMgr:1039 - genDependencies : Invalid condition id : UX DEVICE CLASS RTOS Condition cause : null
2024-01-25 09:01:05,446 [WARN] ConditionMgr:1039 - genDependencies : Invalid condition id : UX DEVICE CLASS RTOS Condition cause : null
2024-01-25 09:01:05,447 [WARN] ConditionMgr:1039 - genDependencies : Invalid condition id : UX DEVICE CLASS RTOS Condition cause : null
2024-01-25 09:01:05,447 [WARN] ConditionMgr:1039 - genDependencies : Invalid condition id : UX DEVICE CLASS RTOS Condition cause : null
2024-01-25 09:01:05,475 [WARN] PackLoader:240 - Cannot read IP mode file for STMicroelectronics.X-CUBE-SUBG2.5.0.0
2024-01-25 09:01:05,517 [WARN] PackLoader:240 - Cannot read IP mode file for STMicroelectronics.X-CUBE-TOF1.3.3.1
2024-01-25 09:01:05,572 [WARN] PackLoader:240 - Cannot read IP mode file for STMicroelectronics.X-CUBE-AZRTOS-G4.2.0.0
2024-01-25 09:01:05,823 [WARN] PackLoader:240 - Cannot read IP mode file for Infineon.AIROC-Wi-Fi-Bluetooth-STM32.1.5.1
2024-01-25 09:01:05,847 [WARN] PackLoader:240 - Cannot read IP mode file for STMicroelectronics.FP-SNS-MOTENVWB1.1.3.0
2024-01-25 09:01:05,866 [WARN] PackLoader:240 - Cannot read IP mode file for STMicroelectronics.FP-SNS-MOTENVWB1.1.3.1
2024-01-25 09:01:05,884 [WARN] PackLoader:240 - Cannot read IP mode file for STMicroelectronics.X-CUBE-ISPU.2.0.0
2024-01-25 09:01:06,471 [WARN] PackLoader:240 - Cannot read IP mode file for STMicroelectronics.X-CUBE-MEMS1.10.0.0
2024-01-25 09:01:06,701 [WARN] PackLoader:240 - Cannot read IP mode file for STMicroelectronics.X-CUBE-FREERTOS.1.1.0
2024-01-25 09:01:06,833 [WARN] PackLoader:240 - Cannot read IP mode file for portGmbH.I-Cube-SoM-uGOAL.1.1.0
2024-01-25 09:01:06,860 [WARN] PackLoader:240 - Cannot read IP mode file for STMicroelectronics.X-CUBE-ALS.1.0.1
2024-01-25 09:01:06,885 [WARN] PackLoader:240 - Cannot read IP mode file for STMicroelectronics.FP-ATR-ASTRA1.2.0.0
2024-01-25 09:01:06,919 [WARN] PackLoader:240 - Cannot read IP mode file for STMicroelectronics.X-CUBE-TOF1.3.4.0
2024-01-25 09:01:06,963 [INFO] WebApp:161 - Instantiating new browser for Auth
2024-01-25 09:01:06,971 [WARN] PackLoader:240 - Cannot read IP mode file for STMicroelectronics.X-CUBE-AZRTOS-H7.3.2.0
2024-01-25 09:01:06,974 [INFO] ThirdParty:978 - Integrity check success = true
2024-01-25 09:01:06,974 [INFO] IntegrityCheckThread:100 - exiting critical section [integrity check]
2024-01-25 09:01:06,974 [INFO] IntegrityCheckThread:103 - End integrity checks thread
2024-01-25 09:01:06,975 [INFO] ThirdParty:873 - entering critical section [close project]
2024-01-25 09:01:06,976 [INFO] ThirdParty:883 - exiting critical section [close project]
2024-01-25 09:01:06,978 [INFO] PinOutPanel:1499 - setPackage(No Configuration,No Configuration)
2024-01-25 09:01:06,983 [INFO] UtilMem:75 - Begin LoadConfig() Used Memory: 206668032 Bytes (268435456)
2024-01-25 09:01:06,985 [INFO] MicroXplorer:468 - Change Database Path : 
2024-01-25 09:01:06,985 [INFO] MicroXplorer:498 - Change Database Version : DB.6.0.100
2024-01-25 09:01:06,985 [INFO] OpenFileManager:312 - Change cursor
2024-01-25 09:01:07,050 [INFO] Mcu:2016 - Initializing MCU STM32F103R(8-B)Tx STM32F103RBTx STM32F103RBT6
2024-01-25 09:01:08,023 [INFO] WebApp:780 - Register for checkConnection events
2024-01-25 09:01:08,024 [INFO] WebApp:414 - Apply proxy settings
2024-01-25 09:01:08,024 [INFO] WebApp:499 - Chromium requires no authentication
2024-01-25 09:01:08,037 [INFO] WebApp:442 - Direct internet connection detected
2024-01-25 09:01:08,309 [INFO] Context:659 - Trying to add GPIOservice into a context  which must be forbidden
2024-01-25 09:01:08,311 [INFO] WebApp:192 - Starting web application
2024-01-25 09:01:08,311 [INFO] WebApp:544 - Web application path used C:\ST\STM32CubeIDE_1.13.2\STM32CubeIDE\plugins\com.st.stm32cube.common.mx_6.10.0.202311202037\db\plugins\mcufinder\reactClient1\index.html
2024-01-25 09:01:08,809 [INFO] RtosManager:555 - Registered RTOS mode: class=CMSIS, group=RTOS, mode=CMSIS_V1, owner=FREERTOS
2024-01-25 09:01:08,809 [INFO] RtosManager:555 - Registered RTOS mode: class=CMSIS, group=RTOS2, mode=CMSIS_V2, owner=FREERTOS
2024-01-25 09:01:08,809 [INFO] RtosManager:555 - Registered RTOS mode: class=RTOS, group=Core, mode=CMSIS_V1, owner=FREERTOS
2024-01-25 09:01:08,809 [INFO] RtosManager:555 - Registered RTOS mode: class=RTOS, group=Core, mode=CMSIS_V2, owner=FREERTOS
2024-01-25 09:01:08,809 [WARN] ModelIntegratedComponent:184 - Missing modes for component STMicroelectronics:FreeRTOS:0.0.1:STMicroelectronics:RTOS:FreeRTOS:Core:::10.2.0:
2024-01-25 09:01:08,832 [WARN] ModelIntegratedComponent:63 - No mode defined for component null
2024-01-25 09:01:08,832 [WARN] ModelIntegratedComponent:63 - No mode defined for component null
2024-01-25 09:01:08,832 [WARN] ModelIntegratedComponent:63 - No mode defined for component null
2024-01-25 09:01:08,832 [WARN] ModelIntegratedComponent:63 - No mode defined for component null
2024-01-25 09:01:08,833 [WARN] ModelIntegratedComponent:63 - No mode defined for component null
2024-01-25 09:01:08,833 [WARN] ModelIntegratedComponent:63 - No mode defined for component null
2024-01-25 09:01:08,833 [WARN] ModelIntegratedComponent:63 - No mode defined for component null
2024-01-25 09:01:08,833 [WARN] ModelIntegratedComponent:63 - No mode defined for component null
2024-01-25 09:01:08,833 [WARN] ModelIntegratedComponent:63 - No mode defined for component null
2024-01-25 09:01:08,833 [WARN] ModelIntegratedComponent:63 - No mode defined for component null
2024-01-25 09:01:08,833 [WARN] ModelIntegratedComponent:63 - No mode defined for component null
2024-01-25 09:01:08,833 [WARN] ModelIntegratedComponent:63 - No mode defined for component null
2024-01-25 09:01:08,833 [WARN] ModelIntegratedComponent:63 - No mode defined for component null
2024-01-25 09:01:08,833 [WARN] ModelIntegratedComponent:63 - No mode defined for component null
2024-01-25 09:01:08,833 [WARN] ModelIntegratedComponent:63 - No mode defined for component null
2024-01-25 09:01:08,833 [WARN] ModelIntegratedComponent:63 - No mode defined for component null
2024-01-25 09:01:08,833 [WARN] ModelIntegratedComponent:63 - No mode defined for component null
2024-01-25 09:01:08,833 [WARN] ModelIntegratedComponent:63 - No mode defined for component null
2024-01-25 09:01:08,833 [WARN] ModelIntegratedComponent:63 - No mode defined for component null
2024-01-25 09:01:08,834 [WARN] ModelIntegratedComponent:63 - No mode defined for component null
2024-01-25 09:01:08,834 [WARN] ModelIntegratedComponent:63 - No mode defined for component null
2024-01-25 09:01:08,834 [WARN] ModelIntegratedComponent:63 - No mode defined for component null
2024-01-25 09:01:08,834 [WARN] ModelIntegratedComponent:63 - No mode defined for component null
2024-01-25 09:01:08,834 [WARN] ModelIntegratedComponent:63 - No mode defined for component null
2024-01-25 09:01:08,834 [WARN] ModelIntegratedComponent:63 - No mode defined for component null
2024-01-25 09:01:08,834 [WARN] ModelIntegratedComponent:63 - No mode defined for component null
2024-01-25 09:01:08,834 [WARN] ModelIntegratedComponent:63 - No mode defined for component null
2024-01-25 09:01:08,834 [WARN] ModelIntegratedComponent:63 - No mode defined for component null
2024-01-25 09:01:08,834 [WARN] ModelIntegratedComponent:63 - No mode defined for component null
2024-01-25 09:01:08,834 [WARN] ModelIntegratedComponent:63 - No mode defined for component null
2024-01-25 09:01:08,834 [WARN] ModelIntegratedComponent:63 - No mode defined for component null
2024-01-25 09:01:08,834 [WARN] ModelIntegratedComponent:63 - No mode defined for component null
2024-01-25 09:01:08,834 [WARN] ModelIntegratedComponent:63 - No mode defined for component null
2024-01-25 09:01:08,935 [INFO] ThirdPartyModel:298 - Start build external matchings
2024-01-25 09:01:09,262 [INFO] ThirdPartyModel:316 - End build external matchings
2024-01-25 09:01:09,284 [INFO] ImportTextPane:194 - (OptionalMessage_ERROR) IP (RCC) : Invalid parameter (FamilyName)
2024-01-25 09:01:09,506 [INFO] UtilMem:75 - End LoadConfig() Used Memory: 191203144 Bytes (591396864)
2024-01-25 09:01:10,226 [INFO] ApiDb:581 - Connected to CubeFinder SQLite database (C:\Users\박병준\.stmcufinder\plugins\mcufinder\mcu\cube-finder-db.db)
2024-01-25 09:01:10,345 [INFO] ApiDb:668 - CubeFinder database Data Model version=2.1
2024-01-25 09:01:10,345 [INFO] ApiDb:669 - CubeFinder database Configuration version=3.0.39
2024-01-25 09:01:10,346 [INFO] ApiDb:670 - CubeFinder database generation date=2023-12-08 (1702028721)
2024-01-25 09:01:10,346 [INFO] ApiDb:671 - CubeFinder database FW Pack versions=[FP-ATR-ASTRA1_V2.0.0, FP-SNS-FLIGHT1_V5.0.1, FP-SNS-FLIGHT1_V5.0.2, FP-SNS-MOTENV1_V4.3.1, FP-SNS-MOTENV1_V4.3.2, FP-SNS-MOTENVWB1_V1.3.1, FP-SNS-SMARTAG2_V1.2.0, STM32Cube_FW_C0_V1.1.0, STM32Cube_FW_F4_V1.28.0, STM32Cube_FW_F7_V1.17.0, STM32Cube_FW_G0_V1.6.1, STM32Cube_FW_G4_V1.5.1, STM32Cube_FW_H5_V0.5.1, STM32Cube_FW_H5_V1.1.1, STM32Cube_FW_H5_V1.2.0RC2, STM32Cube_FW_H7_V1.11.0, STM32Cube_FW_L0_V1.12.2, STM32Cube_FW_L5_V1.5.0, STM32Cube_FW_U5_V1.3.0RC4, STM32Cube_FW_U5_V1.4.0, STM32Cube_FW_WBA_V1.0.0RC1, STM32Cube_FW_WBA_V1.1.0RC1, STM32Cube_FW_WBA_V1.2.0, STM32Cube_FW_WBA_V1.2.0RC2, STM32Cube_FW_WB_V1.15.0RC1, STM32Cube_FW_WB_V1.16.0, STM32Cube_FW_WB_V1.16.0RC2, STM32Cube_FW_WB_V1.18.0, STM32Cube_FW_WL_V1.3.0, X-CUBE-ALGOBUILD_V1.3.0, X-CUBE-ALS_V1.0.1, X-CUBE-AZRTOS-F4_V1.1.0, X-CUBE-AZRTOS-F7_V1.1.0, X-CUBE-AZRTOS-G0_V1.1.0, X-CUBE-AZRTOS-G4_V2.0.0, X-CUBE-AZRTOS-H7_V3.1.0, X-CUBE-AZRTOS-L4_V1.0.0, X-CUBE-AZRTOS-L4_V2.0.0, X-CUBE-AZRTOS-L5_V1.1.0, X-CUBE-AZRTOS-WB_V2.0.0, X-CUBE-AZRTOS-WL_V2.0.0, X-CUBE-BLE1_V7.0.0, X-CUBE-BLE2_V3.3.0, X-CUBE-BLEMGR_V3.0.0, X-CUBE-EEPRMA1_V4.1.0, X-CUBE-EEPRMA1_V4.2.0, X-CUBE-FREERTOS_V1.1.0, X-CUBE-GNSS1_V6.0.0, X-CUBE-MEMS1_V10.0.0, X-CUBE-MEMS1_V9.1.0, X-CUBE-MEMS1_V9.4.0, X-CUBE-MEMS1_V9.6.0, X-CUBE-NFC4_V3.0.0, X-CUBE-NFC7_V1.0.1, X-CUBE-SFXS2LP1_V4.0.0, X-CUBE-SUBG2_V5.0.0, X-CUBE-TOF1_V3.4.0]
2024-01-25 09:01:13,638 [INFO] ApiDb:240 - Found 371 in-development CPN: [B-G473E-ZEST1S, B-WB1M-WPAN1, B-WL5M-SUBG1, NUCLEO-C031C6, NUCLEO-H503RB, NUCLEO-H563ZI, NUCLEO-U545RE-Q, NUCLEO-U5A5ZJ-Q, NUCLEO-WBA52CG, NUCLEO-WBA55CG, STEVAL-MKBOXPRO, STEVAL-PROTEUS1, STEVAL-STWINBX1, STM320518-EVAL, STM32C0116-DK, STM32C011D6Y3TR, STM32C011D6Y6TR, STM32C011F4P3, STM32C011F4P6, STM32C011F4U3, STM32C011F4U6TR, STM32C011F6P3, STM32C011F6P6, STM32C011F6U3, STM32C011F6U6TR, STM32C011J4M3, STM32C011J4M6, STM32C011J6M3, STM32C011J6M6, STM32C0316-DK, STM32C031C4T3, STM32C031C4T6, STM32C031C4U3, STM32C031C4U6, STM32C031C6T3, STM32C031C6T6, STM32C031C6U3, STM32C031C6U6, STM32C031F4P3, STM32C031F4P6, STM32C031F6P3, STM32C031F6P6, STM32C031G4U3, STM32C031G4U6, STM32C031G6U3, STM32C031G6U6, STM32C031K4T3, STM32C031K4T6, STM32C031K4U3, STM32C031K4U6, STM32C031K6T3, STM32C031K6T6, STM32C031K6U3, STM32C031K6U6, STM32G071K8TXN, STM32G071K8UXN, STM32G081GBU6N, STM32G081KBT6N, STM32G081KBUXN, STM32G0B1CCT6N, STM32G0B1KCT6, STM32G0B1NEY6TR, STM32G0B1RCT6N, STM32G0C1CCT6, STM32G0C1CCT6N, STM32G0C1CCU6N, STM32G0C1CET6N, STM32G0C1CEU6N, STM32G0C1KCT6, STM32G0C1NEY6TR, STM32G0C1RCI6N, STM32G0C1RCT6N, STM32G0C1REI6N, STM32G0C1RET6N, STM32G0C1VCI6, STM32G0C1VEI6, STM32G471CCT6, STM32G471CCU6, STM32G471CET3, STM32G471CET6, STM32G471CEU3, STM32G471CEU6, STM32G471MCT6, STM32G471MET3, STM32G471MET6, STM32G471MEY6TR, STM32G471QCT6, STM32G471QET3, STM32G471RCT6, STM32G471RET3, STM32G471RET6, STM32G471VCH6, STM32G471VCI6, STM32G471VCT6, STM32G471VEH3, STM32G471VEH6, STM32G471VEI3, STM32G471VEI6, STM32G471VET3, STM32G471VET6, STM32G474CCT6, STM32H503CBT6, STM32H503CBU6, STM32H503EBY6TR, STM32H503KBU6, STM32H503RBT6, STM32H562AGI6, STM32H562AII6, STM32H562IGK6, STM32H562IGT6, STM32H562IIK6, STM32H562IIT6, STM32H562RGT6, STM32H562RGV6, STM32H562RIT6, STM32H562RIV6, STM32H562VGT6, STM32H562VIT6, STM32H562ZGT6, STM32H562ZIT6, STM32H563AGI6, STM32H563AII3Q, STM32H563AII6, STM32H563IGK6, STM32H563IGT6, STM32H563IIK3Q, STM32H563IIK6, STM32H563IIT3Q, STM32H563IIT6, STM32H563MIY3QTR, STM32H563RGT6, STM32H563RGV6, STM32H563RIT6, STM32H563RIV6, STM32H563VGT6, STM32H563VIT3Q, STM32H563VIT6, STM32H563ZGT6, STM32H563ZIT3Q, STM32H563ZIT6, STM32H573AII3Q, STM32H573AII6, STM32H573I-DK, STM32H573IIK3Q, STM32H573IIK6, STM32H573IIT3Q, STM32H573IIT6, STM32H573MIY3QTR, STM32H573RIT6, STM32H573RIV6, STM32H573VIT3Q, STM32H573VIT6, STM32H573ZIT3Q, STM32H573ZIT6, STM32L4R5QGI6STR, STM32MP131AAE3, STM32MP131AAF3, STM32MP131AAG3, STM32MP131CAE3, STM32MP131CAF3, STM32MP131CAG3, STM32MP131DAE7, STM32MP131DAF7, STM32MP131DAG7, STM32MP131FAE7, STM32MP131FAF7, STM32MP131FAG7, STM32MP133AAE3, STM32MP133AAF3, STM32MP133AAG3, STM32MP133CAE3, STM32MP133CAF3, STM32MP133CAG3, STM32MP133DAE7, STM32MP133DAF7, STM32MP133DAG7, STM32MP133FAE7, STM32MP133FAF7, STM32MP133FAG7, STM32MP135AAE3, STM32MP135AAF3, STM32MP135AAG3, STM32MP135CAE3, STM32MP135CAF3, STM32MP135CAG3, STM32MP135DAE7, STM32MP135DAF7, STM32MP135DAG7, STM32MP135F-DK, STM32MP135FAE7, STM32MP135FAF7, STM32MP135FAF7T, STM32MP135FAF7U, STM32MP135FAG7, STM32U535CBT6, STM32U535CBT6Q, STM32U535CBU6, STM32U535CBU6Q, STM32U535CCT6, STM32U535CCT6Q, STM32U535CCU6, STM32U535CCU6Q, STM32U535CET6, STM32U535CET6Q, STM32U535CEU6, STM32U535CEU6Q, STM32U535JEY6QTR, STM32U535NCY6QTR, STM32U535NEY6QTR, STM32U535RBI6, STM32U535RBI6Q, STM32U535RBT6, STM32U535RBT6Q, STM32U535RCI6, STM32U535RCI6Q, STM32U535RCT6, STM32U535RCT6Q, STM32U535REI6, STM32U535REI6Q, STM32U535RET6, STM32U535RET6Q, STM32U535VCI6, STM32U535VCI6Q, STM32U535VCT6, STM32U535VCT6Q, STM32U535VEI6, STM32U535VEI6Q, STM32U535VET6, STM32U535VET6Q, STM32U545CET6, STM32U545CET6Q, STM32U545CEU6, STM32U545CEU6Q, STM32U545JEY6QTR, STM32U545NEY6QTR, STM32U545REI6, STM32U545REI6Q, STM32U545RET6, STM32U545RET6Q, STM32U545VEI6, STM32U545VEI6Q, STM32U545VET6, STM32U545VET6Q, STM32U595AIH6, STM32U595AIH6Q, STM32U595AJH6, STM32U595AJH6Q, STM32U595QII6, STM32U595QII6Q, STM32U595QJI6, STM32U595QJI6Q, STM32U595RIT6, STM32U595RIT6Q, STM32U595RJT6, STM32U595RJT6Q, STM32U595VIT6, STM32U595VIT6Q, STM32U595VJT6, STM32U595VJT6Q, STM32U595ZIT6, STM32U595ZIT6Q, STM32U595ZIY6QTR, STM32U595ZJT6, STM32U595ZJT6Q, STM32U595ZJY6QTR, STM32U599BJY6QTR, STM32U599NIH6Q, STM32U599NJH6Q, STM32U599VIT6Q, STM32U599VJT6, STM32U599VJT6Q, STM32U599ZIT6Q, STM32U599ZIY6QTR, STM32U599ZJT6Q, STM32U599ZJY6QTR, STM32U5A5AJH6, STM32U5A5AJH6Q, STM32U5A5QJI6, STM32U5A5QJI6Q, STM32U5A5RJT6, STM32U5A5RJT6Q, STM32U5A5VJT6, STM32U5A5VJT6Q, STM32U5A5ZJT6, STM32U5A5ZJT6Q, STM32U5A5ZJY6QTR, STM32U5A9BJY6QTR, STM32U5A9J-DK, STM32U5A9NJH6Q, STM32U5A9VJT6Q, STM32U5A9ZJT6Q, STM32U5A9ZJY6QTR, STM32U5F7VIT6, STM32U5F7VIT6Q, STM32U5F7VJT6, STM32U5F7VJT6Q, STM32U5F9BJY6QTR, STM32U5F9NJH6Q, STM32U5F9VIT6Q, STM32U5F9VJT6Q, STM32U5F9ZIJ6QTR, STM32U5F9ZIT6Q, STM32U5F9ZJJ6QTR, STM32U5F9ZJT6Q, STM32U5G7VJT6, STM32U5G7VJT6Q, STM32U5G9BJY6QTR, STM32U5G9J-DK1, STM32U5G9J-DK2, STM32U5G9NJH6Q, STM32U5G9VJT6Q, STM32U5G9ZJJ6QTR, STM32U5G9ZJT6Q, STM32WB1MMCH6, STM32WBA50KEU6, STM32WBA50KEU6TR, STM32WBA50KGU6, STM32WBA50KGU6TR, STM32WBA52CEU6, STM32WBA52CEU6TR, STM32WBA52CEU7, STM32WBA52CEU7TR, STM32WBA52CGU6, STM32WBA52CGU6TR, STM32WBA52CGU6U, STM32WBA52CGU7, STM32WBA52CGU7TR, STM32WBA52KEU6, STM32WBA52KEU6TR, STM32WBA52KGU6, STM32WBA52KGU6TR, STM32WBA54CEU6, STM32WBA54CEU6TR, STM32WBA54CEU7, STM32WBA54CEU7TR, STM32WBA54CGU6, STM32WBA54CGU6TR, STM32WBA54CGU7, STM32WBA54CGU7TR, STM32WBA54KEU6, STM32WBA54KEU6TR, STM32WBA54KEU7, STM32WBA54KEU7TR, STM32WBA54KGU6, STM32WBA54KGU6TR, STM32WBA54KGU7, STM32WBA54KGU7TR, STM32WBA55CEU6, STM32WBA55CEU6TR, STM32WBA55CEU7, STM32WBA55CEU7TR, STM32WBA55CGU6, STM32WBA55CGU6TR, STM32WBA55CGU6U, STM32WBA55CGU7, STM32WBA55CGU7TR, STM32WBA55G-DK1, STM32WBA55HEF6, STM32WBA55HEF7, STM32WBA55HGF6, STM32WBA55HGF7, STM32WBA55UEI6, STM32WBA55UEI6TR, STM32WBA55UEI7, STM32WBA55UEI7TR, STM32WBA55UGI6, STM32WBA55UGI6TR, STM32WBA55UGI7, STM32WBA55UGI7TR, STM32WL5MOCH6, STM32WL5MOCH6TR]
2024-01-25 09:01:13,645 [INFO] DbMcus:218 - Found 3930 MCUs, 3930 are supported
2024-01-25 09:01:13,646 [INFO] ApiDb:423 - Load user favorites file C:\Users\박병준/.stm32cubeide/favorites.mcus.txt: 0 item(s)
2024-01-25 09:01:13,646 [INFO] ApiDb:427 - User favorites MCUs=[]
2024-01-25 09:01:13,646 [INFO] DbMcus:224 - Set 0 / 0 favorites MCUs
2024-01-25 09:01:14,049 [INFO] MicroXplorer:468 - Change Database Path : 
2024-01-25 09:01:14,049 [INFO] MicroXplorer:498 - Change Database Version : DB.6.0.100
2024-01-25 09:01:14,049 [WARN] ThirdParty:833 - waiting for thirdparty lock release [change project]
2024-01-25 09:01:14,049 [INFO] ThirdParty:835 - entering critical section [change project]
2024-01-25 09:01:14,050 [INFO] ThirdParty:1030 - CMSIS Pack Vendor :STMicroelectronics X-CUBE-ISPU 1.1.0
2024-01-25 09:01:14,050 [INFO] ThirdParty:1030 - CMSIS Pack Vendor :STMicroelectronics USBPD 4.1
2024-01-25 09:01:14,050 [INFO] ThirdParty:1030 - CMSIS Pack Vendor :STMicroelectronics X-CUBE-GNSS1 6.0.0
2024-01-25 09:01:14,050 [INFO] ThirdParty:1030 - CMSIS Pack Vendor :STMicroelectronics USB_HOST 2.0.0
2024-01-25 09:01:14,050 [INFO] ThirdParty:1030 - CMSIS Pack Vendor :STMicroelectronics X-CUBE-AZRTOS-F4 1.1.0
2024-01-25 09:01:14,050 [INFO] ThirdParty:1030 - CMSIS Pack Vendor :STMicroelectronics LIBJPEG 8.0.0
2024-01-25 09:01:14,050 [INFO] ThirdParty:1030 - CMSIS Pack Vendor :wolfSSL I-CUBE-wolfSSL 5.6.3
2024-01-25 09:01:14,050 [INFO] ThirdParty:1030 - CMSIS Pack Vendor :STMicroelectronics X-CUBE-SMBUS 2.1.0
2024-01-25 09:01:14,050 [INFO] ThirdParty:1030 - CMSIS Pack Vendor :STMicroelectronics USB_DEVICE 3.0.0
2024-01-25 09:01:14,050 [INFO] ThirdParty:1030 - CMSIS Pack Vendor :STMicroelectronics X-CUBE-AZRTOS-WB 2.0.0
2024-01-25 09:01:14,050 [INFO] ThirdParty:1030 - CMSIS Pack Vendor :STMicroelectronics X-CUBE-TOUCHGFX 4.23.0
2024-01-25 09:01:14,051 [INFO] ThirdParty:1030 - CMSIS Pack Vendor :STMicroelectronics X-CUBE-AZRTOS-F7 1.1.0
2024-01-25 09:01:14,051 [INFO] ThirdParty:1030 - CMSIS Pack Vendor :STMicroelectronics X-CUBE-AZRTOS-L5 2.0.0
2024-01-25 09:01:14,051 [INFO] ThirdParty:1030 - CMSIS Pack Vendor :STMicroelectronics USB_DEVICE 2.0.0
2024-01-25 09:01:14,051 [INFO] ThirdParty:1030 - CMSIS Pack Vendor :STMicroelectronics X-CUBE-EEPRMA1 4.2.0
2024-01-25 09:01:14,051 [INFO] ThirdParty:1030 - CMSIS Pack Vendor :ITTIA_DB I-CUBE-ITTIADB 8.8.0
2024-01-25 09:01:14,051 [INFO] ThirdParty:1030 - CMSIS Pack Vendor :STMicroelectronics FP-SNS-MOTENV1 4.3.2
2024-01-25 09:01:14,051 [INFO] ThirdParty:1030 - CMSIS Pack Vendor :STMicroelectronics X-CUBE-ALGOBUILD 1.3.0
2024-01-25 09:01:14,051 [INFO] ThirdParty:1030 - CMSIS Pack Vendor :STMicroelectronics FreeRTOS 0.0.1
2024-01-25 09:01:14,051 [INFO] ThirdParty:1030 - CMSIS Pack Vendor :STMicroelectronics X-CUBE-AZRTOS-G0 1.1.0
2024-01-25 09:01:14,051 [INFO] ThirdParty:1030 - CMSIS Pack Vendor :STMicroelectronics X-CUBE-BLEMGR 2.0.0
2024-01-25 09:01:14,051 [INFO] ThirdParty:1030 - CMSIS Pack Vendor :STMicroelectronics X-CUBE-NFC4 3.0.0
2024-01-25 09:01:14,051 [INFO] ThirdParty:1030 - CMSIS Pack Vendor :STMicroelectronics X-CUBE-SUBG2 5.0.0
2024-01-25 09:01:14,051 [INFO] ThirdParty:1030 - CMSIS Pack Vendor :STMicroelectronics STM32_WPAN 1.0.0
2024-01-25 09:01:14,052 [INFO] ThirdParty:1030 - CMSIS Pack Vendor :STMicroelectronics lwIP 2.0.3
2024-01-25 09:01:14,052 [INFO] ThirdParty:1030 - CMSIS Pack Vendor :STMicroelectronics FP-SNS-FLIGHT1 5.0.2
2024-01-25 09:01:14,052 [INFO] ThirdParty:1030 - CMSIS Pack Vendor :STMicroelectronics USB_HOST 1.0.0
2024-01-25 09:01:14,052 [INFO] ThirdParty:1030 - CMSIS Pack Vendor :STMicroelectronics X-CUBE-TOF1 3.3.1
2024-01-25 09:01:14,052 [INFO] ThirdParty:1030 - CMSIS Pack Vendor :STMicroelectronics X-CUBE-AZRTOS-G4 2.0.0
2024-01-25 09:01:14,052 [INFO] ThirdParty:1030 - CMSIS Pack Vendor :STMicroelectronics PDM2PCM 3.1.0
2024-01-25 09:01:14,052 [INFO] ThirdParty:1030 - CMSIS Pack Vendor :STMicroelectronics X-CUBE-AZRTOS-H7 3.1.0
2024-01-25 09:01:14,052 [INFO] ThirdParty:1030 - CMSIS Pack Vendor :Infineon AIROC-Wi-Fi-Bluetooth-STM32 1.5.1
2024-01-25 09:01:14,052 [INFO] ThirdParty:1030 - CMSIS Pack Vendor :STMicroelectronics X-CUBE-BLEMGR 3.0.0
2024-01-25 09:01:14,052 [INFO] ThirdParty:1030 - CMSIS Pack Vendor :STMicroelectronics PDM2PCM 3.3.0
2024-01-25 09:01:14,052 [INFO] ThirdParty:1030 - CMSIS Pack Vendor :STMicroelectronics X-CUBE-DISPLAY 3.0.0
2024-01-25 09:01:14,052 [INFO] ThirdParty:1030 - CMSIS Pack Vendor :STMicroelectronics FP-SNS-MOTENVWB1 1.3.0
2024-01-25 09:01:14,052 [INFO] ThirdParty:1030 - CMSIS Pack Vendor :STMicroelectronics FP-SNS-MOTENVWB1 1.3.1
2024-01-25 09:01:14,052 [INFO] ThirdParty:1030 - CMSIS Pack Vendor :STMicroelectronics X-CUBE-BLE1 7.0.0
2024-01-25 09:01:14,052 [INFO] ThirdParty:1030 - CMSIS Pack Vendor :STMicroelectronics FP-ATR-SIGFOX1 3.2.0
2024-01-25 09:01:14,052 [INFO] ThirdParty:1030 - CMSIS Pack Vendor :STMicroelectronics X-CUBE-ISPU 2.0.0
2024-01-25 09:01:14,052 [INFO] ThirdParty:1030 - CMSIS Pack Vendor :STMicroelectronics HAL Drivers 0.0.0
2024-01-25 09:01:14,052 [INFO] ThirdParty:1030 - CMSIS Pack Vendor :STMicroelectronics MBEDTLS 2.16.2
2024-01-25 09:01:14,053 [INFO] ThirdParty:1030 - CMSIS Pack Vendor :emotas I-CUBE-CANOPEN 1.3.0
2024-01-25 09:01:14,053 [INFO] ThirdParty:1030 - CMSIS Pack Vendor :STMicroelectronics X-CUBE-MEMS1 10.0.0
2024-01-25 09:01:14,053 [INFO] ThirdParty:1030 - CMSIS Pack Vendor :STMicroelectronics X-CUBE-FREERTOS 1.1.0
2024-01-25 09:01:14,053 [INFO] ThirdParty:1030 - CMSIS Pack Vendor :STMicroelectronics X-CUBE-NFC7 1.0.1
2024-01-25 09:01:14,053 [INFO] ThirdParty:1030 - CMSIS Pack Vendor :STMicroelectronics MBEDTLS 2.14.1
2024-01-25 09:01:14,053 [INFO] ThirdParty:1030 - CMSIS Pack Vendor :STMicroelectronics X-CUBE-TOUCHGFX 4.22.1
2024-01-25 09:01:14,053 [INFO] ThirdParty:1030 - CMSIS Pack Vendor :STMicroelectronics X-CUBE-NFC6 3.0.0
2024-01-25 09:01:14,053 [INFO] ThirdParty:1030 - CMSIS Pack Vendor :STMicroelectronics X-CUBE-EEPRMA1 4.1.0
2024-01-25 09:01:14,053 [INFO] ThirdParty:1030 - CMSIS Pack Vendor :portGmbH I-Cube-SoM-uGOAL 1.1.0
2024-01-25 09:01:14,053 [INFO] ThirdParty:1030 - CMSIS Pack Vendor :STMicroelectronics X-CUBE-ALS 1.0.1
2024-01-25 09:01:14,053 [INFO] ThirdParty:1030 - CMSIS Pack Vendor :STMicroelectronics ThreadX 1.0.0
2024-01-25 09:01:14,053 [INFO] ThirdParty:1030 - CMSIS Pack Vendor :STMicroelectronics FP-SNS-SMARTAG2 1.2.0
2024-01-25 09:01:14,053 [INFO] ThirdParty:1030 - CMSIS Pack Vendor :STMicroelectronics X-CUBE-AZRTOS-WL 2.0.0
2024-01-25 09:01:14,053 [INFO] ThirdParty:1030 - CMSIS Pack Vendor :SEGGER I-CUBE-embOS 1.3.1
2024-01-25 09:01:14,053 [INFO] ThirdParty:1030 - CMSIS Pack Vendor :STMicroelectronics USB_DEVICE 1.0.0
2024-01-25 09:01:14,053 [INFO] ThirdParty:1030 - CMSIS Pack Vendor :STMicroelectronics X-CUBE-AI 8.1.0
2024-01-25 09:01:14,053 [INFO] ThirdParty:1030 - CMSIS Pack Vendor :STMicroelectronics X-CUBE-AZRTOS-L4 2.0.0
2024-01-25 09:01:14,053 [INFO] ThirdParty:1030 - CMSIS Pack Vendor :STMicroelectronics ThreadX 0.0.2
2024-01-25 09:01:14,053 [INFO] ThirdParty:1030 - CMSIS Pack Vendor :WES I-CUBE-Cesium 1.3.0
2024-01-25 09:01:14,054 [INFO] ThirdParty:1030 - CMSIS Pack Vendor :STMicroelectronics FP-ATR-ASTRA1 2.0.0
2024-01-25 09:01:14,054 [INFO] ThirdParty:1030 - CMSIS Pack Vendor :STMicroelectronics lwIP 2.1.2
2024-01-25 09:01:14,054 [INFO] ThirdParty:1030 - CMSIS Pack Vendor :STMicroelectronics X-CUBE-SFXS2LP1 4.0.0
2024-01-25 09:01:14,054 [INFO] ThirdParty:1030 - CMSIS Pack Vendor :STMicroelectronics X-CUBE-BLE2 3.3.0
2024-01-25 09:01:14,054 [INFO] ThirdParty:1030 - CMSIS Pack Vendor :STMicroelectronics X-CUBE-TOF1 3.4.0
2024-01-25 09:01:14,054 [INFO] ThirdParty:1030 - CMSIS Pack Vendor :STMicroelectronics X-CUBE-AZRTOS-H7 3.2.0
2024-01-25 09:01:14,054 [INFO] ThirdParty:1030 - CMSIS Pack Vendor :STMicroelectronics PDM2PCM 3.2.0
2024-01-25 09:01:14,054 [INFO] ThirdParty:841 - exiting critical section [change project]
2024-01-25 09:01:14,544 [INFO] PinOutPanel:1499 - setPackage(No Configuration,No Configuration)
2024-01-25 09:01:14,546 [INFO] PinOutPanel:1499 - setPackage(STM32F103RBTx,LQFP64)
2024-01-25 09:01:15,706 [INFO] UtilMem:75 - Before build in PCC Used Memory: 417874904 Bytes (591396864)
2024-01-25 09:01:16,976 [INFO] UtilMem:75 - After build in PCC Used Memory: 203840688 Bytes (591396864)
2024-01-25 09:01:17,032 [INFO] IPUIPlugin:80 - create IPUIPlugin
2024-01-25 09:01:17,032 [INFO] IPUIPlugin:80 - create IPUIPlugin
2024-01-25 09:01:17,032 [INFO] IPUIPlugin:80 - create IPUIPlugin
2024-01-25 09:01:17,033 [INFO] IPUIPlugin:80 - create IPUIPlugin
2024-01-25 09:01:17,033 [INFO] IPUIPlugin:80 - create IPUIPlugin
2024-01-25 09:01:17,033 [INFO] IPUIPlugin:80 - create IPUIPlugin
2024-01-25 09:01:17,034 [INFO] IPUIPlugin:80 - create IPUIPlugin
2024-01-25 09:01:17,034 [INFO] IPUIPlugin:80 - create IPUIPlugin
2024-01-25 09:01:17,034 [INFO] IPUIPlugin:80 - create IPUIPlugin
2024-01-25 09:01:17,034 [INFO] IPUIPlugin:80 - create IPUIPlugin
2024-01-25 09:01:17,035 [INFO] IPUIPlugin:80 - create IPUIPlugin
2024-01-25 09:01:17,035 [INFO] IPUIPlugin:80 - create IPUIPlugin
2024-01-25 09:01:17,035 [INFO] IPUIPlugin:80 - create IPUIPlugin
2024-01-25 09:01:17,036 [INFO] IPUIPlugin:80 - create IPUIPlugin
2024-01-25 09:01:17,036 [INFO] IPUIPlugin:80 - create IPUIPlugin
2024-01-25 09:01:17,036 [INFO] IPUIPlugin:80 - create IPUIPlugin
2024-01-25 09:01:17,037 [INFO] IPUIPlugin:80 - create IPUIPlugin
2024-01-25 09:01:17,037 [INFO] IPUIPlugin:80 - create IPUIPlugin
2024-01-25 09:01:17,037 [INFO] IPUIPlugin:80 - create IPUIPlugin
2024-01-25 09:01:17,037 [INFO] IPUIPlugin:80 - create IPUIPlugin
2024-01-25 09:01:17,038 [INFO] IPUIPlugin:80 - create IPUIPlugin
2024-01-25 09:01:17,038 [INFO] IPUIPlugin:80 - create IPUIPlugin
2024-01-25 09:01:17,038 [INFO] IPUIPlugin:80 - create IPUIPlugin
2024-01-25 09:01:17,039 [INFO] IPUIPlugin:80 - create IPUIPlugin
2024-01-25 09:01:17,039 [INFO] IPUIPlugin:80 - create IPUIPlugin
2024-01-25 09:01:17,039 [INFO] IPUIPlugin:80 - create IPUIPlugin
2024-01-25 09:01:17,040 [INFO] IPUIPlugin:80 - create IPUIPlugin
2024-01-25 09:01:17,437 [INFO] CADModel:165 - CPN selected for project levelSTM32F103RBT6
2024-01-25 09:01:17,437 [INFO] CADModel:114 - Register for checkConnection events
2024-01-25 09:01:17,482 [INFO] OpenFileManager:343 - Restore cursor
2024-01-25 09:01:30,130 [ERROR] LogOutputStream:75 - [STDERR_REDIRECT] SLF4J: Failed to load class "org.slf4j.impl.StaticLoggerBinder".
2024-01-25 09:01:30,131 [ERROR] LogOutputStream:75 - [STDERR_REDIRECT] SLF4J: Defaulting to no-operation (NOP) logger implementation
2024-01-25 09:01:30,132 [ERROR] LogOutputStream:75 - [STDERR_REDIRECT] SLF4J: See http://www.slf4j.org/codes.html#StaticLoggerBinder for further details.
2024-01-25 09:32:02,256 [INFO] UtilMem:75 - End SaveConfig() Used Memory: 823333968 Bytes (1073741824)
2024-01-25 09:32:03,441 [INFO] UtilMem:75 - End SaveConfig() Used Memory: 839346936 Bytes (1073741824)
2024-01-25 09:32:05,235 [INFO] UtilMem:75 - End SaveConfig() Used Memory: 884677712 Bytes (1073741824)
2024-01-25 09:32:05,791 [INFO] BlockDiagram:2759 - set Specific Code input for plugin: NVIC
2024-01-25 09:32:05,792 [INFO] BlockDiagram:2759 - set Specific Code input for plugin: USART
2024-01-25 09:32:05,792 [INFO] BlockDiagram:2759 - set Specific Code input for plugin: SYS
2024-01-25 09:32:05,792 [INFO] BlockDiagram:2759 - set Specific Code input for plugin: GPIO
2024-01-25 09:32:05,792 [INFO] BlockDiagram:2759 - set Specific Code input for plugin: ADC
2024-01-25 09:32:05,792 [INFO] BlockDiagram:2759 - set Specific Code input for plugin: RCC
2024-01-25 09:32:05,794 [INFO] CodeGenerator:807 - code generatio: config db path: C:\ST\STM32CubeIDE_1.13.2\STM32CubeIDE\plugins\com.st.stm32cube.common.mx_6.10.0.202311202037\\db\
2024-01-25 09:32:06,209 [INFO] CodeEngine:255 - oldGeneratedFile, C:\IotBuild\pes\STMain\MXTmpFiles\license.tmp_save
2024-01-25 09:32:06,918 [INFO] CodeEngine:279 - Generated code: C:\IotBuild\pes\STMain\MXTmpFiles\license.tmp
2024-01-25 09:32:07,137 [INFO] CodeEngine:255 - oldGeneratedFile, C:\IotBuild\pes\STMain\MXTmpFiles\gpio.tmp_save
2024-01-25 09:32:07,338 [INFO] CodeEngine:279 - Generated code: C:\IotBuild\pes\STMain\MXTmpFiles\gpio.tmp
2024-01-25 09:32:07,556 [INFO] CodeEngine:255 - oldGeneratedFile, C:\IotBuild\pes\STMain\Core\Src\stm32f1xx_it.c_save
2024-01-25 09:32:07,751 [INFO] CodeEngine:279 - Generated code: C:\IotBuild\pes\STMain\Core\Src\stm32f1xx_it.c
2024-01-25 09:32:07,782 [INFO] CodeEngine:255 - oldGeneratedFile, C:\IotBuild\pes\STMain\Core\Inc\stm32f1xx_it.h_save
2024-01-25 09:32:07,912 [INFO] CodeEngine:279 - Generated code: C:\IotBuild\pes\STMain\Core\Inc\stm32f1xx_it.h
2024-01-25 09:32:07,978 [INFO] CodeEngine:255 - oldGeneratedFile, C:\IotBuild\pes\STMain\Core\Src\stm32f1xx_hal_msp.c_save
2024-01-25 09:32:08,188 [INFO] CodeEngine:279 - Generated code: C:\IotBuild\pes\STMain\Core\Src\stm32f1xx_hal_msp.c
2024-01-25 09:32:08,204 [INFO] CodeEngine:255 - oldGeneratedFile, C:\IotBuild\pes\STMain\MXTmpFiles\system.tmp_save
2024-01-25 09:32:08,303 [INFO] CodeEngine:279 - Generated code: C:\IotBuild\pes\STMain\MXTmpFiles\system.tmp
2024-01-25 09:32:08,345 [INFO] CodeEngine:311 - oldGeneratedFile, C:\IotBuild\pes\STMain\Core\Inc\stm32f1xx_hal_conf.h_save
2024-01-25 09:32:08,601 [INFO] CodeEngine:335 - Generated code: C:\IotBuild\pes\STMain\Core\Inc\stm32f1xx_hal_conf.h
2024-01-25 09:32:08,701 [INFO] CodeEngine:255 - oldGeneratedFile, C:\IotBuild\pes\STMain\Core\Inc\main.h_save
2024-01-25 09:32:08,871 [INFO] CodeEngine:279 - Generated code: C:\IotBuild\pes\STMain\Core\Inc\main.h
2024-01-25 09:32:08,902 [INFO] CodeEngine:255 - oldGeneratedFile, C:\IotBuild\pes\STMain\Core\Src\main.c_save
2024-01-25 09:32:09,134 [INFO] CodeEngine:279 - Generated code: C:\IotBuild\pes\STMain\Core\Src\main.c
2024-01-25 09:32:09,963 [INFO] ProjectBuilder:3076 - Time for Copy HAL[1] : 234mS.
2024-01-25 09:32:09,970 [INFO] ProjectBuilder:4485 - Project Generator version: 4.2.0-B44
2024-01-25 09:32:10,314 [INFO] ConfigFileManager:1495 - The Die is : DIE410
2024-01-25 09:32:10,355 [INFO] ApiDbMcu:508 - Load IP Config File for FATFS
2024-01-25 09:32:10,372 [INFO] ApiDbMcu:508 - Load IP Config File for FREERTOS
2024-01-25 09:32:10,388 [INFO] ApiDbMcu:508 - Load IP Config File for USB_DEVICE
2024-01-25 09:32:12,132 [INFO] LogOutputStream:77 - [STDOUT_REDIRECT] 
2024-01-25 09:32:15,303 [INFO] ProjectBuilder:4747 - Time for Generating toolchain IDE Files: 5332mS.
2024-01-25 09:32:15,304 [INFO] ProjectBuilder:2947 - Time for Copy CMSIS : 0mS.
2024-01-25 09:32:15,307 [INFO] ProjectBuilder:2947 - Time for Copy CMSIS : 0mS.
2024-01-25 09:34:41,585 [INFO] CADModel:198 - CPN selected (Project mode): STM32F103RBT6
2024-01-25 09:34:41,585 [INFO] CADModel:200 - Internet connection configuration mode: 1
2024-01-25 09:34:41,586 [INFO] CADModel:203 - rpn retrievedSTM32F103RB
2024-01-25 09:34:41,627 [INFO] WebAppUi:294 - Instantiating new browser for Project
2024-01-25 09:34:42,333 [INFO] WebAppUi:1191 - Register for checkConnection events
2024-01-25 09:34:42,333 [INFO] WebAppUi:1226 - Apply proxy settings
2024-01-25 09:34:42,333 [INFO] WebAppUi:1264 - Chromium requires no authentication
2024-01-25 09:34:42,333 [INFO] WebAppUi:1250 - Direct internet connection detected
2024-01-25 09:34:42,339 [INFO] WebAppUi:320 - Starting web application
2024-01-25 09:34:42,339 [INFO] WebAppUi:1122 - Web application path used C:\ST\STM32CubeIDE_1.13.2\STM32CubeIDE\plugins\com.st.stm32cube.common.mx_6.10.0.202311202037\db\plugins\mcufinder\reactClient\index.html
2024-01-25 09:34:42,395 [INFO] WebAppUi:887 - Path where api_config.json is located C:\Users\박병준\.stmcufinder\plugins\mcufinder//mcu/api_config.json
2024-01-25 09:34:42,395 [INFO] WebAppUi:888 - Setting api config in window object
2024-01-25 09:34:42,432 [INFO] WebAppUi:896 - Path where cad_preferences.json is located C:\Users\박병준/.stm32cubeide/
2024-01-25 09:34:42,432 [INFO] WebAppUi:897 - Setting consent info in window object
2024-01-25 09:34:43,147 [INFO] WebAppUi:792 - Allow Downloads
2024-01-25 09:34:43,148 [INFO] WebAppUi:294 - Instantiating new browser for Finder
2024-01-25 09:34:43,347 [INFO] WebAppUi:1191 - Register for checkConnection events
2024-01-25 09:34:43,348 [INFO] WebAppUi:1226 - Apply proxy settings
2024-01-25 09:34:43,348 [INFO] WebAppUi:1264 - Chromium requires no authentication
2024-01-25 09:34:43,348 [INFO] WebAppUi:1250 - Direct internet connection detected
2024-01-25 09:34:43,353 [INFO] WebAppUi:320 - Starting web application
2024-01-25 09:34:43,353 [INFO] WebAppUi:1122 - Web application path used C:\ST\STM32CubeIDE_1.13.2\STM32CubeIDE\plugins\com.st.stm32cube.common.mx_6.10.0.202311202037\db\plugins\mcufinder\reactClient\index.html
2024-01-25 09:34:43,367 [INFO] WebAppUi:887 - Path where api_config.json is located C:\Users\박병준\.stmcufinder\plugins\mcufinder//mcu/api_config.json
2024-01-25 09:34:43,368 [INFO] WebAppUi:888 - Setting api config in window object
2024-01-25 09:34:43,395 [INFO] WebAppUi:896 - Path where cad_preferences.json is located C:\Users\박병준/.stm32cubeide/
2024-01-25 09:34:43,395 [INFO] WebAppUi:897 - Setting consent info in window object
2024-01-25 09:34:43,915 [INFO] WebAppUi:1056 - Web application message: [UlApiManager component] Connected to Ultra Librarian SSO
2024-01-25 09:34:43,915 [INFO] WebAppUi:1056 - Web application message: [UlApiManager component] Connected to Ultra Librarian API
2024-01-25 09:34:43,982 [INFO] WebAppUi:792 - Allow Downloads
2024-01-25 09:34:43,983 [INFO] WebAppUi:613 - RPN selected STM32F103RB
2024-01-25 09:34:43,984 [INFO] WebAppUi:614 - RefName selected STM32F103RBTx
2024-01-25 09:34:43,985 [INFO] WebAppUi:615 - CPN selected STM32F103RBT6
2024-01-25 09:34:43,990 [INFO] WebAppUi:778 - Which Bigleton in use 2 and which CPN is about STM32F103RBT6
2024-01-25 09:34:43,990 [INFO] WebAppUi:1056 - Web application message: [UlApiManager component] Connecting to SSO
2024-01-25 09:34:43,998 [INFO] WebAppUi:652 - Have injected Javascript into web application
2024-01-25 09:34:43,999 [INFO] WebAppUiContainer:153 - Web application run mode: Project CPN: STM32F103RBT6
2024-01-25 09:34:44,752 [INFO] WebAppUi:1056 - Web application message: [UlApiManager component] Connected to Ultra Librarian SSO
2024-01-25 09:34:44,753 [INFO] WebAppUi:1056 - Web application message: [UlApiManager component] Connected to Ultra Librarian API
2024-01-25 09:34:46,982 [INFO] WebAppUi:887 - Path where api_config.json is located C:\Users\박병준\.stmcufinder\plugins\mcufinder//mcu/api_config.json
2024-01-25 09:34:46,983 [INFO] WebAppUi:888 - Setting api config in window object
2024-01-25 09:34:47,010 [INFO] WebAppUi:896 - Path where cad_preferences.json is located C:\Users\박병준/.stm32cubeide/
2024-01-25 09:34:47,010 [INFO] WebAppUi:897 - Setting consent info in window object
2024-01-25 09:34:48,771 [INFO] WebAppUi:1056 - Web application message: THREE.WebGLRenderer 101
2024-01-25 18:09:43,503 [INFO] WebApp:354 - JxBrowser engine has been closed 
2024-01-25 18:09:43,503 [INFO] WebAppUi:453 - JxBrowser engine has been closed 
2024-01-25 18:09:43,504 [INFO] WebAppUi:490 - Close the Jxbrowser engine manually
2024-01-25 18:09:49,380 [ERROR] LogOutputStream:75 - [STDERR_REDIRECT] 
2024-01-25 18:13:13,283 [INFO] Activator:176 - 


2024-01-25 18:13:13,285 [INFO] Activator:177 - !SESSION log4j initialized
2024-01-25 18:13:21,374 [INFO] LogOutputStream:77 - [STDOUT_REDIRECT] 
2024-01-25 18:13:32,397 [INFO] ApplicationProperties:184 - Using Application install path: C:\ST\STM32CubeIDE_1.13.2\STM32CubeIDE\plugins\com.st.stm32cube.common.mx_6.10.0.202311202037
2024-01-25 18:13:32,452 [INFO] DbMcusXml:78 - Set database path to: C:\ST\STM32CubeIDE_1.13.2\STM32CubeIDE\plugins\com.st.stm32cube.common.mx_6.10.0.202311202037\\db\/mcu/
2024-01-25 18:13:32,453 [INFO] ApiDb:274 - Set plugin database path to: C:\ST\STM32CubeIDE_1.13.2\STM32CubeIDE\plugins\com.st.stm32cube.common.mx_6.10.0.202311202037\\db\/plugins/boardmanager/
2024-01-25 18:13:32,456 [WARN] ApiDb:259 - Overriding images path with different value:  => C:\ST\STM32CubeIDE_1.13.2\STM32CubeIDE\plugins\com.st.stm32cube.common.mx_6.10.0.202311202037\\db\/plugins/mcufinder/images/
2024-01-25 18:13:32,483 [INFO] ApiDb:250 - Set database path to: C:\Users\박병준\.stmcufinder\plugins\mcufinder//mcu/
2024-01-25 18:13:32,486 [INFO] DbMcusAds:125 - Set database path to: C:\Users\박병준\.stmcufinder\plugins\mcufinder//mcu/
2024-01-25 18:13:32,500 [INFO] CrossReferenceDbSqlite:203 - Set database path to: C:\Users\박병준\.stmcufinder\plugins\mcufinder//mcu/cs/
2024-01-25 18:13:32,819 [INFO] RulesReader:64 - Compatibility file has been processed (297 Rules)
2024-01-25 18:13:32,985 [INFO] DbMcusXml:78 - Set database path to: C:\ST\STM32CubeIDE_1.13.2\STM32CubeIDE\plugins\com.st.stm32cube.common.mx_6.10.0.202311202037\\db\/mcu/
2024-01-25 18:13:32,985 [INFO] ApiDb:274 - Set plugin database path to: C:\ST\STM32CubeIDE_1.13.2\STM32CubeIDE\plugins\com.st.stm32cube.common.mx_6.10.0.202311202037\\db\/plugins/boardmanager/
2024-01-25 18:13:32,986 [INFO] ApiDb:261 - Set plugin images path to: C:\ST\STM32CubeIDE_1.13.2\STM32CubeIDE\plugins\com.st.stm32cube.common.mx_6.10.0.202311202037\\db\/plugins/mcufinder/images/
2024-01-25 18:13:32,986 [WARN] DbFile:41 - Overriding database path with different value: C:\Users\박병준\.stmcufinder\plugins\mcufinder/ => C:\Users\박병준\.stmcufinder\plugins\mcufinder
2024-01-25 18:13:32,986 [INFO] ApiDb:250 - Set database path to: C:\Users\박병준\.stmcufinder\plugins\mcufinder//mcu/
2024-01-25 18:13:32,986 [WARN] DbFile:41 - Overriding database path with different value: C:\Users\박병준\.stmcufinder\plugins\mcufinder/ => C:\Users\박병준\.stmcufinder\plugins\mcufinder
2024-01-25 18:13:32,987 [INFO] DbMcusAds:125 - Set database path to: C:\Users\박병준\.stmcufinder\plugins\mcufinder//mcu/
2024-01-25 18:13:32,987 [WARN] DbFile:41 - Overriding database path with different value: C:\Users\박병준\.stmcufinder\plugins\mcufinder/ => C:\Users\박병준\.stmcufinder\plugins\mcufinder
2024-01-25 18:13:32,987 [WARN] DbFile:41 - Overriding database path with different value: C:\Users\박병준\.stmcufinder\plugins\mcufinder/ => C:\Users\박병준\.stmcufinder\plugins\mcufinder
2024-01-25 18:13:32,987 [INFO] CrossReferenceDbSqlite:203 - Set database path to: C:\Users\박병준\.stmcufinder\plugins\mcufinder//mcu/cs/
2024-01-25 18:13:33,109 [INFO] MainPanel:264 - HeapMemory: 268435456
2024-01-25 18:13:33,245 [INFO] DbMcusXml:78 - Set database path to: C:\ST\STM32CubeIDE_1.13.2\STM32CubeIDE\plugins\com.st.stm32cube.common.mx_6.10.0.202311202037\\db\/mcu/
2024-01-25 18:13:33,245 [INFO] ApiDb:274 - Set plugin database path to: C:\ST\STM32CubeIDE_1.13.2\STM32CubeIDE\plugins\com.st.stm32cube.common.mx_6.10.0.202311202037\\db\/plugins/boardmanager/
2024-01-25 18:13:33,245 [INFO] ApiDb:261 - Set plugin images path to: C:\ST\STM32CubeIDE_1.13.2\STM32CubeIDE\plugins\com.st.stm32cube.common.mx_6.10.0.202311202037\\db\/plugins/mcufinder/images/
2024-01-25 18:13:33,246 [WARN] DbFile:41 - Overriding database path with different value: C:\Users\박병준\.stmcufinder\plugins\mcufinder/ => C:\Users\박병준\.stmcufinder\plugins\mcufinder
2024-01-25 18:13:33,246 [INFO] ApiDb:250 - Set database path to: C:\Users\박병준\.stmcufinder\plugins\mcufinder//mcu/
2024-01-25 18:13:33,247 [WARN] DbFile:41 - Overriding database path with different value: C:\Users\박병준\.stmcufinder\plugins\mcufinder/ => C:\Users\박병준\.stmcufinder\plugins\mcufinder
2024-01-25 18:13:33,247 [INFO] DbMcusAds:125 - Set database path to: C:\Users\박병준\.stmcufinder\plugins\mcufinder//mcu/
2024-01-25 18:13:33,247 [WARN] DbFile:41 - Overriding database path with different value: C:\Users\박병준\.stmcufinder\plugins\mcufinder/ => C:\Users\박병준\.stmcufinder\plugins\mcufinder
2024-01-25 18:13:33,247 [WARN] DbFile:41 - Overriding database path with different value: C:\Users\박병준\.stmcufinder\plugins\mcufinder/ => C:\Users\박병준\.stmcufinder\plugins\mcufinder
2024-01-25 18:13:33,247 [INFO] CrossReferenceDbSqlite:203 - Set database path to: C:\Users\박병준\.stmcufinder\plugins\mcufinder//mcu/cs/
2024-01-25 18:13:33,271 [INFO] ApplicationProperties:184 - Using Application install path: C:\ST\STM32CubeIDE_1.13.2\STM32CubeIDE\plugins\com.st.stm32cube.common.mx_6.10.0.202311202037
2024-01-25 18:13:33,273 [INFO] PluginManage:196 - Search for loadable plugins [exclusion list=, ]
2024-01-25 18:13:33,276 [INFO] PluginManage:310 - Check plugin analytics
2024-01-25 18:13:38,095 [INFO] AnalyticsPlugin:253 - Accepted Software Licenses: STM32CubeMX.6.9.2
2024-01-25 18:13:38,096 [INFO] AnalyticsPlugin:255 - Accepted CMSIS Pack Licenses: STMicroelectronics.X-CUBE-AZRTOS-F4.1.1.0
2024-01-25 18:13:38,096 [INFO] AnalyticsPlugin:257 - Accepted Firmware Licenses: FW.F4.1.27.0,FW.F4.1.28.0
2024-01-25 18:13:38,099 [INFO] PluginManage:359 - Loaded plugin analytics (category:tool,tabindex:-1)
2024-01-25 18:13:38,100 [INFO] PluginManage:310 - Check plugin cadmodel
2024-01-25 18:13:38,119 [INFO] CADModel:105 - Init CAD model plugin
2024-01-25 18:13:38,119 [INFO] PluginManage:359 - Loaded plugin cadmodel (category:power,tabindex:5)
2024-01-25 18:13:38,120 [INFO] PluginManage:310 - Check plugin clock
2024-01-25 18:13:38,142 [INFO] PluginManage:359 - Loaded plugin clock (category:base,tabindex:2)
2024-01-25 18:13:38,143 [INFO] PluginManage:310 - Check plugin ddr
2024-01-25 18:13:38,145 [INFO] PluginManage:359 - Loaded plugin ddr (category:tool,tabindex:6)
2024-01-25 18:13:38,145 [INFO] PluginManage:310 - Check plugin filemanager
2024-01-25 18:13:38,304 [INFO] PluginManage:359 - Loaded plugin filemanager (category:base,tabindex:10)
2024-01-25 18:13:38,304 [INFO] PluginManage:310 - Check plugin ipmanager
2024-01-25 18:13:38,314 [INFO] PluginManage:359 - Loaded plugin ipmanager (category:base,tabindex:5)
2024-01-25 18:13:38,314 [INFO] PluginManage:310 - Check plugin lpbam
2024-01-25 18:13:38,333 [INFO] PluginManage:359 - Loaded plugin lpbam (category:base,tabindex:0)
2024-01-25 18:13:38,333 [INFO] PluginManage:310 - Check plugin memorymap
2024-01-25 18:13:38,353 [INFO] PluginManage:359 - Loaded plugin memorymap (category:base,tabindex:4)
2024-01-25 18:13:38,353 [INFO] PluginManage:310 - Check plugin pinoutandconfiguration
2024-01-25 18:13:38,371 [INFO] PluginManage:359 - Loaded plugin pinoutandconfiguration (category:base,tabindex:1)
2024-01-25 18:13:38,371 [INFO] PluginManage:310 - Check plugin pinoutconfig
2024-01-25 18:13:38,517 [WARN] SupportedApi:132 - Cannot load RTOS API schema: s4s-elt-must-match.1: The content of 'definitions' must match (annotation?, (simpleType | complexType)?, (unique | key | keyref)*)). A problem was found starting at: attribute.
2024-01-25 18:13:38,660 [INFO] PluginManage:359 - Loaded plugin pinoutconfig (category:base,tabindex:0)
2024-01-25 18:13:38,660 [INFO] PluginManage:310 - Check plugin power
2024-01-25 18:13:38,677 [INFO] PluginManage:359 - Loaded plugin power (category:power,tabindex:4)
2024-01-25 18:13:38,678 [INFO] PluginManage:310 - Check plugin projectmanager
2024-01-25 18:13:38,694 [INFO] PluginManage:359 - Loaded plugin projectmanager (category:projectmanager,tabindex:3)
2024-01-25 18:13:38,694 [INFO] PluginManage:310 - Check plugin thirdparty
2024-01-25 18:13:38,986 [INFO] PluginManage:359 - Loaded plugin thirdparty (category:base,tabindex:-1)
2024-01-25 18:13:38,986 [WARN] IntegrityCheckThread:84 - waiting for thirdparty lock release [integrity check]
2024-01-25 18:13:38,986 [INFO] PluginManage:310 - Check plugin tools
2024-01-25 18:13:38,986 [INFO] IntegrityCheckThread:86 - entering critical section [integrity check]
2024-01-25 18:13:38,986 [INFO] ThirdPartyUpdaterWithRetryManager:70 - Updater plugin not ready yet. [1/15]
2024-01-25 18:13:39,032 [INFO] PluginManage:359 - Loaded plugin tools (category:base,tabindex:7)
2024-01-25 18:13:39,032 [INFO] PluginManage:310 - Check plugin tutovideos
2024-01-25 18:13:39,236 [INFO] PluginManage:359 - Loaded plugin tutovideos (category:base,tabindex:-1)
2024-01-25 18:13:39,236 [INFO] PluginManage:310 - Check plugin updater
2024-01-25 18:13:39,247 [INFO] PluginManage:359 - Loaded plugin updater (category:base,tabindex:12)
2024-01-25 18:13:39,247 [INFO] PluginManage:310 - Check plugin userauth
2024-01-25 18:13:39,252 [INFO] UserAuth:114 - Init User Auth plugin
2024-01-25 18:13:39,252 [INFO] PluginManage:359 - Loaded plugin userauth (category:base,tabindex:14)
2024-01-25 18:13:39,252 [INFO] PluginManage:283 - PluginManage : Loaded plugins [17]
2024-01-25 18:13:39,585 [INFO] PinOutPanel:1499 - setPackage(No Configuration,No Configuration)
2024-01-25 18:13:39,671 [INFO] CADModel:165 - CPN selected for project level
2024-01-25 18:13:39,671 [INFO] CADModel:114 - Register for checkConnection events
2024-01-25 18:13:39,699 [INFO] IPUIPlugin:80 - create IPUIPlugin
2024-01-25 18:13:39,699 [INFO] PluginManager:220 - loadIPPluginJar : add adc
2024-01-25 18:13:39,787 [INFO] IPUIPlugin:80 - create IPUIPlugin
2024-01-25 18:13:39,788 [INFO] PluginManager:220 - loadIPPluginJar : add aes
2024-01-25 18:13:39,845 [INFO] IPUIPlugin:80 - create IPUIPlugin
2024-01-25 18:13:39,845 [INFO] PluginManager:220 - loadIPPluginJar : add can
2024-01-25 18:13:39,869 [INFO] IPUIPlugin:80 - create IPUIPlugin
2024-01-25 18:13:39,870 [INFO] PluginManager:220 - loadIPPluginJar : add comp
2024-01-25 18:13:39,903 [INFO] IPUIPlugin:80 - create IPUIPlugin
2024-01-25 18:13:39,903 [INFO] PluginManager:220 - loadIPPluginJar : add cryp
2024-01-25 18:13:39,934 [INFO] IPUIPlugin:80 - create IPUIPlugin
2024-01-25 18:13:39,934 [INFO] PluginManager:220 - loadIPPluginJar : add dfsdm
2024-01-25 18:13:39,948 [INFO] IPUIPlugin:80 - create IPUIPlugin
2024-01-25 18:13:39,949 [INFO] PluginManager:220 - loadIPPluginJar : add dma
2024-01-25 18:13:39,996 [INFO] IPUIPlugin:80 - create IPUIPlugin
2024-01-25 18:13:39,996 [INFO] PluginManager:220 - loadIPPluginJar : add dma3
2024-01-25 18:13:40,020 [INFO] IPUIPlugin:80 - create IPUIPlugin
2024-01-25 18:13:40,020 [INFO] PluginManager:220 - loadIPPluginJar : add fatfs
2024-01-25 18:13:40,072 [INFO] IPUIPlugin:80 - create IPUIPlugin
2024-01-25 18:13:40,072 [INFO] PluginManager:220 - loadIPPluginJar : add fmc
2024-01-25 18:13:40,087 [INFO] IPUIPlugin:80 - create IPUIPlugin
2024-01-25 18:13:40,088 [INFO] PluginManager:220 - loadIPPluginJar : add freertos
2024-01-25 18:13:40,109 [INFO] IPUIPlugin:80 - create IPUIPlugin
2024-01-25 18:13:40,109 [INFO] PluginManager:220 - loadIPPluginJar : add genericplugin
2024-01-25 18:13:40,207 [INFO] IPUIPlugin:80 - create IPUIPlugin
2024-01-25 18:13:40,207 [INFO] PluginManager:220 - loadIPPluginJar : add gfxmmu
2024-01-25 18:13:40,347 [INFO] IPUIPlugin:80 - create IPUIPlugin
2024-01-25 18:13:40,347 [INFO] PluginManager:220 - loadIPPluginJar : add gic
2024-01-25 18:13:40,359 [INFO] IPUIPlugin:80 - create IPUIPlugin
2024-01-25 18:13:40,359 [INFO] PluginManager:220 - loadIPPluginJar : add gpio
2024-01-25 18:13:40,456 [INFO] IPUIPlugin:80 - create IPUIPlugin
2024-01-25 18:13:40,456 [INFO] PluginManager:220 - loadIPPluginJar : add gtzc
2024-01-25 18:13:40,492 [INFO] IPUIPlugin:80 - create IPUIPlugin
2024-01-25 18:13:40,492 [INFO] PluginManager:220 - loadIPPluginJar : add hash
2024-01-25 18:13:40,553 [INFO] IPUIPlugin:80 - create IPUIPlugin
2024-01-25 18:13:40,553 [INFO] PluginManager:220 - loadIPPluginJar : add i2c
2024-01-25 18:13:40,598 [INFO] IPUIPlugin:80 - create IPUIPlugin
2024-01-25 18:13:40,598 [INFO] PluginManager:220 - loadIPPluginJar : add i2s
2024-01-25 18:13:40,642 [INFO] IPUIPlugin:80 - create IPUIPlugin
2024-01-25 18:13:40,642 [INFO] PluginManager:220 - loadIPPluginJar : add i3c
2024-01-25 18:13:40,753 [INFO] IPUIPlugin:80 - create IPUIPlugin
2024-01-25 18:13:40,753 [INFO] PluginManager:220 - loadIPPluginJar : add ipddr
2024-01-25 18:13:40,848 [INFO] IPUIPlugin:80 - create IPUIPlugin
2024-01-25 18:13:40,848 [INFO] PluginManager:220 - loadIPPluginJar : add linkedlist
2024-01-25 18:13:40,884 [INFO] IPUIPlugin:80 - create IPUIPlugin
2024-01-25 18:13:40,884 [INFO] PluginManager:220 - loadIPPluginJar : add lorawan
2024-01-25 18:13:40,925 [INFO] IPUIPlugin:80 - create IPUIPlugin
2024-01-25 18:13:40,925 [INFO] PluginManager:220 - loadIPPluginJar : add ltdc
2024-01-25 18:13:40,940 [INFO] IPUIPlugin:80 - create IPUIPlugin
2024-01-25 18:13:40,940 [INFO] PluginManager:220 - loadIPPluginJar : add mdma
2024-01-25 18:13:40,953 [INFO] IPUIPlugin:80 - create IPUIPlugin
2024-01-25 18:13:40,953 [INFO] PluginManager:220 - loadIPPluginJar : add nvic
2024-01-25 18:13:40,992 [INFO] IPUIPlugin:80 - create IPUIPlugin
2024-01-25 18:13:40,992 [INFO] PluginManager:220 - loadIPPluginJar : add opamp
2024-01-25 18:13:41,059 [INFO] IPUIPlugin:80 - create IPUIPlugin
2024-01-25 18:13:41,060 [INFO] PluginManager:220 - loadIPPluginJar : add openamp
2024-01-25 18:13:41,105 [INFO] IPUIPlugin:80 - create IPUIPlugin
2024-01-25 18:13:41,105 [INFO] PluginManager:220 - loadIPPluginJar : add pdm2pcm
2024-01-25 18:13:41,121 [INFO] IPUIPlugin:80 - create IPUIPlugin
2024-01-25 18:13:41,123 [INFO] PluginManager:220 - loadIPPluginJar : add plateformsettings
2024-01-25 18:13:41,149 [INFO] IPUIPlugin:80 - create IPUIPlugin
2024-01-25 18:13:41,149 [INFO] PluginManager:220 - loadIPPluginJar : add quadspi
2024-01-25 18:13:41,163 [INFO] IPUIPlugin:80 - create IPUIPlugin
2024-01-25 18:13:41,163 [INFO] PluginManager:220 - loadIPPluginJar : add resmgrutility
2024-01-25 18:13:41,212 [INFO] IPUIPlugin:80 - create IPUIPlugin
2024-01-25 18:13:41,212 [INFO] PluginManager:220 - loadIPPluginJar : add sai
2024-01-25 18:13:41,251 [INFO] IPUIPlugin:80 - create IPUIPlugin
2024-01-25 18:13:41,252 [INFO] PluginManager:220 - loadIPPluginJar : add spi
2024-01-25 18:13:41,324 [INFO] IPUIPlugin:80 - create IPUIPlugin
2024-01-25 18:13:41,324 [INFO] PluginManager:220 - loadIPPluginJar : add stm32_wpan
2024-01-25 18:13:41,349 [INFO] IPUIPlugin:80 - create IPUIPlugin
2024-01-25 18:13:41,350 [INFO] PluginManager:220 - loadIPPluginJar : add tim
2024-01-25 18:13:41,407 [INFO] IPUIPlugin:80 - create IPUIPlugin
2024-01-25 18:13:41,407 [INFO] PluginManager:220 - loadIPPluginJar : add touchsensing
2024-01-25 18:13:41,431 [INFO] IPUIPlugin:80 - create IPUIPlugin
2024-01-25 18:13:41,432 [INFO] PluginManager:220 - loadIPPluginJar : add tracer_emb
2024-01-25 18:13:41,455 [INFO] IPUIPlugin:80 - create IPUIPlugin
2024-01-25 18:13:41,456 [INFO] PluginManager:220 - loadIPPluginJar : add ts
2024-01-25 18:13:41,477 [INFO] IPUIPlugin:80 - create IPUIPlugin
2024-01-25 18:13:41,478 [INFO] PluginManager:220 - loadIPPluginJar : add tsc
2024-01-25 18:13:41,502 [INFO] IPUIPlugin:80 - create IPUIPlugin
2024-01-25 18:13:41,502 [INFO] PluginManager:220 - loadIPPluginJar : add ucpd
2024-01-25 18:13:41,548 [INFO] IPUIPlugin:80 - create IPUIPlugin
2024-01-25 18:13:41,548 [INFO] PluginManager:220 - loadIPPluginJar : add usart
2024-01-25 18:13:41,592 [INFO] IPUIPlugin:80 - create IPUIPlugin
2024-01-25 18:13:41,592 [INFO] PluginManager:220 - loadIPPluginJar : add usbx
2024-01-25 18:13:41,825 [INFO] CADModel:165 - CPN selected for project level
2024-01-25 18:13:41,825 [INFO] CADModel:114 - Register for checkConnection events
2024-01-25 18:13:41,825 [FATAL] Updater:308 - Updater called before beeing initialized
2024-01-25 18:13:41,825 [ERROR] CADModel:125 - Updater not yet initialized, retry later 
2024-01-25 18:13:41,987 [INFO] ThirdPartyUpdaterWithRetryManager:70 - Updater plugin not ready yet. [2/15]
2024-01-25 18:13:42,057 [INFO] CADModel:165 - CPN selected for project level
2024-01-25 18:13:42,057 [INFO] CADModel:114 - Register for checkConnection events
2024-01-25 18:13:42,057 [FATAL] Updater:308 - Updater called before beeing initialized
2024-01-25 18:13:42,057 [ERROR] CADModel:125 - Updater not yet initialized, retry later 
2024-01-25 18:13:42,060 [FATAL] Updater:308 - Updater called before beeing initialized
2024-01-25 18:13:42,237 [FATAL] Updater:308 - Updater called before beeing initialized
2024-01-25 18:13:42,248 [INFO] DbMcusAds:53 - JSON generation date=Wed Nov 29 19:52:27 KST 2023 (1701255147349)
2024-01-25 18:13:42,249 [FATAL] Updater:308 - Updater called before beeing initialized
2024-01-25 18:13:42,334 [WARN] DetailPanel:346 - Failed to get advertising image, set to default
2024-01-25 18:13:42,476 [FATAL] Updater:308 - Updater called before beeing initialized
2024-01-25 18:13:42,478 [FATAL] Updater:308 - Updater called before beeing initialized
2024-01-25 18:13:42,478 [FATAL] Updater:308 - Updater called before beeing initialized
2024-01-25 18:13:42,478 [WARN] DetailPanel:346 - Failed to get advertising image, set to default
2024-01-25 18:13:42,479 [FATAL] Updater:308 - Updater called before beeing initialized
2024-01-25 18:13:42,552 [ERROR] Updater:1120 - MainUpdater not yet initialized. External WinMGr cannot be set.
2024-01-25 18:13:42,565 [INFO] Updater:1056 - Updater Version found : 6.10.0
2024-01-25 18:13:42,583 [INFO] ApplicationProperties:184 - Using Application install path: C:\ST\STM32CubeIDE_1.13.2\STM32CubeIDE\plugins\com.st.stm32cube.common.mx_6.10.0.202311202037
2024-01-25 18:13:43,447 [INFO] MainUpdater:2873 - connection check result : 10
2024-01-25 18:13:43,450 [INFO] MainUpdater:290 - Updater Check For Update Now.
2024-01-25 18:13:43,450 [INFO] MicroXplorer:498 - Change Database Version : DB.6.0.100
2024-01-25 18:13:43,482 [INFO] McuFinderGlobals:63 - Set McuFinder mode to 2 (CubeIDE integrated)
2024-01-25 18:13:43,501 [INFO] UserAuth:404 - Internet connection configuration mode: 1
2024-01-25 18:13:43,517 [INFO] JxBrowserEngine:152 - Initiate JxBrowser Engine with user profile folder
2024-01-25 18:13:43,701 [INFO] CheckServerUpdateThread:120 - End of CheckServer Thread
2024-01-25 18:13:45,208 [WARN] PackLoader:240 - Cannot read IP mode file for STMicroelectronics.X-CUBE-SMBUS.2.1.0
2024-01-25 18:13:45,234 [WARN] PackLoader:240 - Cannot read IP mode file for STMicroelectronics.X-CUBE-TOUCHGFX.4.23.0
2024-01-25 18:13:45,361 [WARN] PackLoader:240 - Cannot read IP mode file for STMicroelectronics.X-CUBE-AZRTOS-F7.1.1.0
2024-01-25 18:13:45,399 [WARN] PackLoader:240 - Cannot read IP mode file for STMicroelectronics.FP-SNS-MOTENV1.4.3.2
2024-01-25 18:13:45,451 [WARN] PackLoader:240 - Cannot read IP mode file for STMicroelectronics.FP-SNS-FLIGHT1.5.0.2
2024-01-25 18:13:45,559 [WARN] PackLoader:240 - Cannot read IP mode file for STMicroelectronics.X-CUBE-DISPLAY.3.0.0
2024-01-25 18:13:45,660 [WARN] PackLoader:240 - Cannot read IP mode file for STMicroelectronics.X-CUBE-BLE1.7.0.0
2024-01-25 18:13:45,687 [WARN] PackLoader:240 - Cannot read IP mode file for emotas.I-CUBE-CANOPEN.1.3.0
2024-01-25 18:13:45,707 [WARN] PackLoader:240 - Cannot read IP mode file for STMicroelectronics.X-CUBE-TOUCHGFX.4.22.1
2024-01-25 18:13:45,736 [WARN] PackLoader:240 - Cannot read IP mode file for STMicroelectronics.FP-SNS-SMARTAG2.1.2.0
2024-01-25 18:13:45,771 [INFO] LogOutputStream:77 - [STDOUT_REDIRECT] 1 : Invalid condition id : UX_CORESTACK_Condition cause : null
2024-01-25 18:13:45,773 [INFO] LogOutputStream:77 - [STDOUT_REDIRECT] 1 : Invalid condition id : UX_CORESTACK_Condition cause : null
2024-01-25 18:13:45,775 [INFO] LogOutputStream:77 - [STDOUT_REDIRECT] 1 : Invalid condition id : UX_CORESTACK_Condition cause : null
2024-01-25 18:13:45,778 [INFO] LogOutputStream:77 - [STDOUT_REDIRECT] 1 : Invalid condition id : UX_CORESTACK_Condition cause : null
2024-01-25 18:13:45,781 [INFO] LogOutputStream:77 - [STDOUT_REDIRECT] 1 : Invalid condition id : UX_CORESTACK_Condition cause : null
2024-01-25 18:13:45,787 [WARN] PackLoader:240 - Cannot read IP mode file for STMicroelectronics.X-CUBE-AZRTOS-WL.2.0.0
2024-01-25 18:13:45,809 [WARN] PackLoader:240 - Cannot read IP mode file for WES.I-CUBE-Cesium.1.3.0
2024-01-25 18:13:45,824 [INFO] WebApp:161 - Instantiating new browser for Auth
2024-01-25 18:13:45,824 [WARN] PackLoader:240 - Cannot read IP mode file for STMicroelectronics.X-CUBE-BLE2.3.3.0
2024-01-25 18:13:45,843 [WARN] PackLoader:240 - Cannot read IP mode file for STMicroelectronics.X-CUBE-ALGOBUILD.1.3.0
2024-01-25 18:13:45,893 [WARN] PackLoader:240 - Cannot read IP mode file for STMicroelectronics.X-CUBE-AZRTOS-G0.1.1.0
2024-01-25 18:13:45,935 [WARN] PackLoader:240 - Cannot read IP mode file for STMicroelectronics.X-CUBE-NFC4.3.0.0
2024-01-25 18:13:45,979 [WARN] PackLoader:240 - Cannot read IP mode file for STMicroelectronics.X-CUBE-BLEMGR.3.0.0
2024-01-25 18:13:46,022 [WARN] PackLoader:240 - Cannot read IP mode file for STMicroelectronics.FP-ATR-SIGFOX1.3.2.0
2024-01-25 18:13:46,140 [WARN] PackLoader:240 - Cannot read IP mode file for SEGGER.I-CUBE-embOS.1.3.1
2024-01-25 18:13:46,271 [WARN] PackLoader:240 - Cannot read IP mode file for STMicroelectronics.X-CUBE-GNSS1.6.0.0
2024-01-25 18:13:46,416 [WARN] PackLoader:240 - Cannot read IP mode file for STMicroelectronics.X-CUBE-AZRTOS-F4.1.1.0
2024-01-25 18:13:46,822 [WARN] PackLoader:240 - Cannot read IP mode file for wolfSSL.I-CUBE-wolfSSL.5.6.3
2024-01-25 18:13:46,858 [WARN] PackLoader:240 - Cannot read IP mode file for STMicroelectronics.X-CUBE-AZRTOS-L5.2.0.0
2024-01-25 18:13:46,903 [WARN] PackLoader:240 - Cannot read IP mode file for STMicroelectronics.X-CUBE-EEPRMA1.4.2.0
2024-01-25 18:13:46,922 [WARN] PackLoader:240 - Cannot read IP mode file for ITTIA_DB.I-CUBE-ITTIADB.8.8.0
2024-01-25 18:13:46,938 [WARN] PackLoader:240 - Cannot read IP mode file for STMicroelectronics.X-CUBE-BLEMGR.2.0.0
2024-01-25 18:13:46,951 [INFO] WebApp:780 - Register for checkConnection events
2024-01-25 18:13:46,951 [INFO] WebApp:414 - Apply proxy settings
2024-01-25 18:13:46,952 [INFO] WebApp:499 - Chromium requires no authentication
2024-01-25 18:13:46,963 [INFO] WebApp:442 - Direct internet connection detected
2024-01-25 18:13:46,973 [WARN] ConditionMgr:438 - getConditionDescription Invalid condition id : UX DEVICE CLASS RTOS Condition cause : null
2024-01-25 18:13:46,974 [WARN] ConditionMgr:438 - getConditionDescription Invalid condition id : UX DEVICE CLASS RTOS Condition cause : null
2024-01-25 18:13:46,976 [WARN] PackLoader:240 - Cannot read IP mode file for STMicroelectronics.X-CUBE-AZRTOS-H7.3.1.0
2024-01-25 18:13:46,977 [WARN] ConditionMgr:1039 - genDependencies : Invalid condition id : UX DEVICE CLASS RTOS Condition cause : null
2024-01-25 18:13:46,977 [WARN] ConditionMgr:1039 - genDependencies : Invalid condition id : UX DEVICE CLASS RTOS Condition cause : null
2024-01-25 18:13:46,978 [WARN] ConditionMgr:1039 - genDependencies : Invalid condition id : UX DEVICE CLASS RTOS Condition cause : null
2024-01-25 18:13:46,978 [WARN] ConditionMgr:1039 - genDependencies : Invalid condition id : UX DEVICE CLASS RTOS Condition cause : null
2024-01-25 18:13:46,979 [WARN] ConditionMgr:1039 - genDependencies : Invalid condition id : UX DEVICE CLASS RTOS Condition cause : null
2024-01-25 18:13:46,997 [WARN] PackLoader:240 - Cannot read IP mode file for STMicroelectronics.X-CUBE-NFC7.1.0.1
2024-01-25 18:13:47,014 [WARN] PackLoader:240 - Cannot read IP mode file for STMicroelectronics.X-CUBE-NFC6.3.0.0
2024-01-25 18:13:47,029 [WARN] PackLoader:240 - Cannot read IP mode file for STMicroelectronics.X-CUBE-EEPRMA1.4.1.0
2024-01-25 18:13:47,046 [WARN] PackLoader:240 - Cannot read IP mode file for STMicroelectronics.X-CUBE-AI.8.1.0
2024-01-25 18:13:47,086 [WARN] ConditionMgr:438 - getConditionDescription Invalid condition id : LAN8742 Phy interface Condition cause : null
2024-01-25 18:13:47,087 [WARN] PackLoader:240 - Cannot read IP mode file for STMicroelectronics.X-CUBE-AZRTOS-L4.2.0.0
2024-01-25 18:13:47,088 [WARN] ConditionMgr:1039 - genDependencies : Invalid condition id : LAN8742 Phy interface Condition cause : null
2024-01-25 18:13:47,089 [WARN] ConditionMgr:1039 - genDependencies : Invalid condition id : LAN8742 Phy interface Condition cause : null
2024-01-25 18:13:47,089 [WARN] ConditionMgr:1039 - genDependencies : Invalid condition id : LAN8742 Phy interface Condition cause : null
2024-01-25 18:13:47,114 [WARN] PackLoader:240 - Cannot read IP mode file for STMicroelectronics.X-CUBE-SFXS2LP1.4.0.0
2024-01-25 18:13:47,135 [WARN] PackLoader:240 - Cannot read IP mode file for STMicroelectronics.X-CUBE-ISPU.1.1.0
2024-01-25 18:13:47,164 [WARN] ConditionMgr:438 - getConditionDescription Invalid condition id : UX DEVICE CLASS RTOS Condition cause : null
2024-01-25 18:13:47,165 [WARN] ConditionMgr:438 - getConditionDescription Invalid condition id : UX DEVICE CLASS RTOS Condition cause : null
2024-01-25 18:13:47,169 [WARN] PackLoader:240 - Cannot read IP mode file for STMicroelectronics.X-CUBE-AZRTOS-WB.2.0.0
2024-01-25 18:13:47,170 [WARN] ConditionMgr:1039 - genDependencies : Invalid condition id : UX DEVICE CLASS RTOS Condition cause : null
2024-01-25 18:13:47,170 [WARN] ConditionMgr:1039 - genDependencies : Invalid condition id : UX DEVICE CLASS RTOS Condition cause : null
2024-01-25 18:13:47,171 [WARN] ConditionMgr:1039 - genDependencies : Invalid condition id : UX DEVICE CLASS RTOS Condition cause : null
2024-01-25 18:13:47,171 [WARN] ConditionMgr:1039 - genDependencies : Invalid condition id : UX DEVICE CLASS RTOS Condition cause : null
2024-01-25 18:13:47,171 [WARN] ConditionMgr:1039 - genDependencies : Invalid condition id : UX DEVICE CLASS RTOS Condition cause : null
2024-01-25 18:13:47,197 [WARN] PackLoader:240 - Cannot read IP mode file for STMicroelectronics.X-CUBE-SUBG2.5.0.0
2024-01-25 18:13:47,227 [WARN] PackLoader:240 - Cannot read IP mode file for STMicroelectronics.X-CUBE-TOF1.3.3.1
2024-01-25 18:13:47,257 [INFO] WebApp:192 - Starting web application
2024-01-25 18:13:47,257 [INFO] WebApp:544 - Web application path used C:\ST\STM32CubeIDE_1.13.2\STM32CubeIDE\plugins\com.st.stm32cube.common.mx_6.10.0.202311202037\db\plugins\mcufinder\reactClient1\index.html
2024-01-25 18:13:47,263 [WARN] PackLoader:240 - Cannot read IP mode file for STMicroelectronics.X-CUBE-AZRTOS-G4.2.0.0
2024-01-25 18:13:47,303 [WARN] PackLoader:240 - Cannot read IP mode file for Infineon.AIROC-Wi-Fi-Bluetooth-STM32.1.5.1
2024-01-25 18:13:47,323 [WARN] PackLoader:240 - Cannot read IP mode file for STMicroelectronics.FP-SNS-MOTENVWB1.1.3.0
2024-01-25 18:13:47,339 [WARN] PackLoader:240 - Cannot read IP mode file for STMicroelectronics.FP-SNS-MOTENVWB1.1.3.1
2024-01-25 18:13:47,359 [WARN] PackLoader:240 - Cannot read IP mode file for STMicroelectronics.X-CUBE-ISPU.2.0.0
2024-01-25 18:13:47,431 [WARN] PackLoader:240 - Cannot read IP mode file for STMicroelectronics.X-CUBE-MEMS1.10.0.0
2024-01-25 18:13:47,765 [WARN] PackLoader:240 - Cannot read IP mode file for STMicroelectronics.X-CUBE-FREERTOS.1.1.0
2024-01-25 18:13:47,789 [WARN] PackLoader:240 - Cannot read IP mode file for portGmbH.I-Cube-SoM-uGOAL.1.1.0
2024-01-25 18:13:47,808 [WARN] PackLoader:240 - Cannot read IP mode file for STMicroelectronics.X-CUBE-ALS.1.0.1
2024-01-25 18:13:47,824 [WARN] PackLoader:240 - Cannot read IP mode file for STMicroelectronics.FP-ATR-ASTRA1.2.0.0
2024-01-25 18:13:47,854 [WARN] PackLoader:240 - Cannot read IP mode file for STMicroelectronics.X-CUBE-TOF1.3.4.0
2024-01-25 18:13:47,904 [WARN] PackLoader:240 - Cannot read IP mode file for STMicroelectronics.X-CUBE-AZRTOS-H7.3.2.0
2024-01-25 18:13:47,907 [INFO] ThirdParty:978 - Integrity check success = true
2024-01-25 18:13:47,907 [INFO] IntegrityCheckThread:100 - exiting critical section [integrity check]
2024-01-25 18:13:47,907 [INFO] IntegrityCheckThread:103 - End integrity checks thread
2024-01-25 18:14:08,515 [ERROR] LogOutputStream:75 - [STDERR_REDIRECT] SLF4J: Failed to load class "org.slf4j.impl.StaticLoggerBinder".
2024-01-25 18:14:08,516 [ERROR] LogOutputStream:75 - [STDERR_REDIRECT] SLF4J: Defaulting to no-operation (NOP) logger implementation
2024-01-25 18:14:08,517 [ERROR] LogOutputStream:75 - [STDERR_REDIRECT] SLF4J: See http://www.slf4j.org/codes.html#StaticLoggerBinder for further details.
