2024-01-26 13:02:50,056 [INFO] Activator:176 - 


2024-01-26 13:02:50,066 [INFO] Activator:177 - !SESSION log4j initialized
2024-01-26 13:02:58,563 [INFO] LogOutputStream:77 - [STDOUT_REDIRECT] 
2024-01-26 13:03:08,533 [INFO] ApplicationProperties:184 - Using Application install path: C:\ST\STM32CubeIDE_1.13.2\STM32CubeIDE\plugins\com.st.stm32cube.common.mx_6.10.0.202311202037
2024-01-26 13:03:08,559 [INFO] DbMcusXml:78 - Set database path to: C:\ST\STM32CubeIDE_1.13.2\STM32CubeIDE\plugins\com.st.stm32cube.common.mx_6.10.0.202311202037\\db\/mcu/
2024-01-26 13:03:08,560 [INFO] ApiDb:274 - Set plugin database path to: C:\ST\STM32CubeIDE_1.13.2\STM32CubeIDE\plugins\com.st.stm32cube.common.mx_6.10.0.202311202037\\db\/plugins/boardmanager/
2024-01-26 13:03:08,561 [WARN] ApiDb:259 - Overriding images path with different value:  => C:\ST\STM32CubeIDE_1.13.2\STM32CubeIDE\plugins\com.st.stm32cube.common.mx_6.10.0.202311202037\\db\/plugins/mcufinder/images/
2024-01-26 13:03:08,577 [INFO] ApiDb:250 - Set database path to: C:\Users\박병준\.stmcufinder\plugins\mcufinder//mcu/
2024-01-26 13:03:08,579 [INFO] DbMcusAds:125 - Set database path to: C:\Users\박병준\.stmcufinder\plugins\mcufinder//mcu/
2024-01-26 13:03:08,582 [INFO] CrossReferenceDbSqlite:203 - Set database path to: C:\Users\박병준\.stmcufinder\plugins\mcufinder//mcu/cs/
2024-01-26 13:03:08,776 [INFO] RulesReader:64 - Compatibility file has been processed (297 Rules)
2024-01-26 13:03:08,904 [INFO] DbMcusXml:78 - Set database path to: C:\ST\STM32CubeIDE_1.13.2\STM32CubeIDE\plugins\com.st.stm32cube.common.mx_6.10.0.202311202037\\db\/mcu/
2024-01-26 13:03:08,905 [INFO] ApiDb:274 - Set plugin database path to: C:\ST\STM32CubeIDE_1.13.2\STM32CubeIDE\plugins\com.st.stm32cube.common.mx_6.10.0.202311202037\\db\/plugins/boardmanager/
2024-01-26 13:03:08,905 [INFO] ApiDb:261 - Set plugin images path to: C:\ST\STM32CubeIDE_1.13.2\STM32CubeIDE\plugins\com.st.stm32cube.common.mx_6.10.0.202311202037\\db\/plugins/mcufinder/images/
2024-01-26 13:03:08,906 [WARN] DbFile:41 - Overriding database path with different value: C:\Users\박병준\.stmcufinder\plugins\mcufinder/ => C:\Users\박병준\.stmcufinder\plugins\mcufinder
2024-01-26 13:03:08,906 [INFO] ApiDb:250 - Set database path to: C:\Users\박병준\.stmcufinder\plugins\mcufinder//mcu/
2024-01-26 13:03:08,906 [WARN] DbFile:41 - Overriding database path with different value: C:\Users\박병준\.stmcufinder\plugins\mcufinder/ => C:\Users\박병준\.stmcufinder\plugins\mcufinder
2024-01-26 13:03:08,906 [INFO] DbMcusAds:125 - Set database path to: C:\Users\박병준\.stmcufinder\plugins\mcufinder//mcu/
2024-01-26 13:03:08,906 [WARN] DbFile:41 - Overriding database path with different value: C:\Users\박병준\.stmcufinder\plugins\mcufinder/ => C:\Users\박병준\.stmcufinder\plugins\mcufinder
2024-01-26 13:03:08,907 [WARN] DbFile:41 - Overriding database path with different value: C:\Users\박병준\.stmcufinder\plugins\mcufinder/ => C:\Users\박병준\.stmcufinder\plugins\mcufinder
2024-01-26 13:03:08,912 [INFO] CrossReferenceDbSqlite:203 - Set database path to: C:\Users\박병준\.stmcufinder\plugins\mcufinder//mcu/cs/
2024-01-26 13:03:09,029 [INFO] MainPanel:264 - HeapMemory: 268435456
2024-01-26 13:03:09,165 [INFO] DbMcusXml:78 - Set database path to: C:\ST\STM32CubeIDE_1.13.2\STM32CubeIDE\plugins\com.st.stm32cube.common.mx_6.10.0.202311202037\\db\/mcu/
2024-01-26 13:03:09,165 [INFO] ApiDb:274 - Set plugin database path to: C:\ST\STM32CubeIDE_1.13.2\STM32CubeIDE\plugins\com.st.stm32cube.common.mx_6.10.0.202311202037\\db\/plugins/boardmanager/
2024-01-26 13:03:09,165 [INFO] ApiDb:261 - Set plugin images path to: C:\ST\STM32CubeIDE_1.13.2\STM32CubeIDE\plugins\com.st.stm32cube.common.mx_6.10.0.202311202037\\db\/plugins/mcufinder/images/
2024-01-26 13:03:09,166 [WARN] DbFile:41 - Overriding database path with different value: C:\Users\박병준\.stmcufinder\plugins\mcufinder/ => C:\Users\박병준\.stmcufinder\plugins\mcufinder
2024-01-26 13:03:09,166 [INFO] ApiDb:250 - Set database path to: C:\Users\박병준\.stmcufinder\plugins\mcufinder//mcu/
2024-01-26 13:03:09,166 [WARN] DbFile:41 - Overriding database path with different value: C:\Users\박병준\.stmcufinder\plugins\mcufinder/ => C:\Users\박병준\.stmcufinder\plugins\mcufinder
2024-01-26 13:03:09,166 [INFO] DbMcusAds:125 - Set database path to: C:\Users\박병준\.stmcufinder\plugins\mcufinder//mcu/
2024-01-26 13:03:09,166 [WARN] DbFile:41 - Overriding database path with different value: C:\Users\박병준\.stmcufinder\plugins\mcufinder/ => C:\Users\박병준\.stmcufinder\plugins\mcufinder
2024-01-26 13:03:09,167 [WARN] DbFile:41 - Overriding database path with different value: C:\Users\박병준\.stmcufinder\plugins\mcufinder/ => C:\Users\박병준\.stmcufinder\plugins\mcufinder
2024-01-26 13:03:09,167 [INFO] CrossReferenceDbSqlite:203 - Set database path to: C:\Users\박병준\.stmcufinder\plugins\mcufinder//mcu/cs/
2024-01-26 13:03:09,188 [INFO] ApplicationProperties:184 - Using Application install path: C:\ST\STM32CubeIDE_1.13.2\STM32CubeIDE\plugins\com.st.stm32cube.common.mx_6.10.0.202311202037
2024-01-26 13:03:09,190 [INFO] PluginManage:196 - Search for loadable plugins [exclusion list=, ]
2024-01-26 13:03:09,191 [INFO] PluginManage:310 - Check plugin analytics
2024-01-26 13:03:13,963 [INFO] AnalyticsPlugin:253 - Accepted Software Licenses: STM32CubeMX.6.9.2
2024-01-26 13:03:13,964 [INFO] AnalyticsPlugin:255 - Accepted CMSIS Pack Licenses: STMicroelectronics.X-CUBE-AZRTOS-F4.1.1.0
2024-01-26 13:03:13,964 [INFO] AnalyticsPlugin:257 - Accepted Firmware Licenses: FW.F4.1.27.0,FW.F4.1.28.0
2024-01-26 13:03:13,966 [INFO] PluginManage:359 - Loaded plugin analytics (category:tool,tabindex:-1)
2024-01-26 13:03:13,966 [INFO] PluginManage:310 - Check plugin cadmodel
2024-01-26 13:03:13,982 [INFO] CADModel:105 - Init CAD model plugin
2024-01-26 13:03:13,982 [INFO] PluginManage:359 - Loaded plugin cadmodel (category:power,tabindex:5)
2024-01-26 13:03:13,983 [INFO] PluginManage:310 - Check plugin clock
2024-01-26 13:03:14,005 [INFO] PluginManage:359 - Loaded plugin clock (category:base,tabindex:2)
2024-01-26 13:03:14,005 [INFO] PluginManage:310 - Check plugin ddr
2024-01-26 13:03:14,007 [INFO] PluginManage:359 - Loaded plugin ddr (category:tool,tabindex:6)
2024-01-26 13:03:14,008 [INFO] PluginManage:310 - Check plugin filemanager
2024-01-26 13:03:14,152 [INFO] PluginManage:359 - Loaded plugin filemanager (category:base,tabindex:10)
2024-01-26 13:03:14,153 [INFO] PluginManage:310 - Check plugin ipmanager
2024-01-26 13:03:14,162 [INFO] PluginManage:359 - Loaded plugin ipmanager (category:base,tabindex:5)
2024-01-26 13:03:14,162 [INFO] PluginManage:310 - Check plugin lpbam
2024-01-26 13:03:14,183 [INFO] PluginManage:359 - Loaded plugin lpbam (category:base,tabindex:0)
2024-01-26 13:03:14,183 [INFO] PluginManage:310 - Check plugin memorymap
2024-01-26 13:03:14,211 [INFO] PluginManage:359 - Loaded plugin memorymap (category:base,tabindex:4)
2024-01-26 13:03:14,211 [INFO] PluginManage:310 - Check plugin pinoutandconfiguration
2024-01-26 13:03:14,232 [INFO] PluginManage:359 - Loaded plugin pinoutandconfiguration (category:base,tabindex:1)
2024-01-26 13:03:14,233 [INFO] PluginManage:310 - Check plugin pinoutconfig
2024-01-26 13:03:14,337 [WARN] SupportedApi:132 - Cannot load RTOS API schema: s4s-elt-must-match.1: The content of 'definitions' must match (annotation?, (simpleType | complexType)?, (unique | key | keyref)*)). A problem was found starting at: attribute.
2024-01-26 13:03:14,483 [INFO] PluginManage:359 - Loaded plugin pinoutconfig (category:base,tabindex:0)
2024-01-26 13:03:14,483 [INFO] PluginManage:310 - Check plugin power
2024-01-26 13:03:14,507 [INFO] PluginManage:359 - Loaded plugin power (category:power,tabindex:4)
2024-01-26 13:03:14,507 [INFO] PluginManage:310 - Check plugin projectmanager
2024-01-26 13:03:14,525 [INFO] PluginManage:359 - Loaded plugin projectmanager (category:projectmanager,tabindex:3)
2024-01-26 13:03:14,525 [INFO] PluginManage:310 - Check plugin thirdparty
2024-01-26 13:03:14,851 [INFO] PluginManage:359 - Loaded plugin thirdparty (category:base,tabindex:-1)
2024-01-26 13:03:14,851 [INFO] PluginManage:310 - Check plugin tools
2024-01-26 13:03:14,851 [WARN] IntegrityCheckThread:84 - waiting for thirdparty lock release [integrity check]
2024-01-26 13:03:14,851 [INFO] IntegrityCheckThread:86 - entering critical section [integrity check]
2024-01-26 13:03:14,851 [INFO] ThirdPartyUpdaterWithRetryManager:70 - Updater plugin not ready yet. [1/15]
2024-01-26 13:03:14,897 [INFO] PluginManage:359 - Loaded plugin tools (category:base,tabindex:7)
2024-01-26 13:03:14,897 [INFO] PluginManage:310 - Check plugin tutovideos
2024-01-26 13:03:15,115 [INFO] PluginManage:359 - Loaded plugin tutovideos (category:base,tabindex:-1)
2024-01-26 13:03:15,115 [INFO] PluginManage:310 - Check plugin updater
2024-01-26 13:03:15,128 [INFO] PluginManage:359 - Loaded plugin updater (category:base,tabindex:12)
2024-01-26 13:03:15,128 [INFO] PluginManage:310 - Check plugin userauth
2024-01-26 13:03:15,133 [INFO] UserAuth:114 - Init User Auth plugin
2024-01-26 13:03:15,133 [INFO] PluginManage:359 - Loaded plugin userauth (category:base,tabindex:14)
2024-01-26 13:03:15,134 [INFO] PluginManage:283 - PluginManage : Loaded plugins [17]
2024-01-26 13:03:15,376 [INFO] PinOutPanel:1499 - setPackage(No Configuration,No Configuration)
2024-01-26 13:03:15,463 [INFO] CADModel:165 - CPN selected for project level
2024-01-26 13:03:15,463 [INFO] CADModel:114 - Register for checkConnection events
2024-01-26 13:03:15,494 [INFO] IPUIPlugin:80 - create IPUIPlugin
2024-01-26 13:03:15,494 [INFO] PluginManager:220 - loadIPPluginJar : add adc
2024-01-26 13:03:15,537 [INFO] IPUIPlugin:80 - create IPUIPlugin
2024-01-26 13:03:15,537 [INFO] PluginManager:220 - loadIPPluginJar : add aes
2024-01-26 13:03:15,583 [INFO] IPUIPlugin:80 - create IPUIPlugin
2024-01-26 13:03:15,583 [INFO] PluginManager:220 - loadIPPluginJar : add can
2024-01-26 13:03:15,609 [INFO] IPUIPlugin:80 - create IPUIPlugin
2024-01-26 13:03:15,610 [INFO] PluginManager:220 - loadIPPluginJar : add comp
2024-01-26 13:03:15,646 [INFO] IPUIPlugin:80 - create IPUIPlugin
2024-01-26 13:03:15,646 [INFO] PluginManager:220 - loadIPPluginJar : add cryp
2024-01-26 13:03:15,686 [INFO] IPUIPlugin:80 - create IPUIPlugin
2024-01-26 13:03:15,686 [INFO] PluginManager:220 - loadIPPluginJar : add dfsdm
2024-01-26 13:03:15,706 [INFO] IPUIPlugin:80 - create IPUIPlugin
2024-01-26 13:03:15,706 [INFO] PluginManager:220 - loadIPPluginJar : add dma
2024-01-26 13:03:15,761 [INFO] IPUIPlugin:80 - create IPUIPlugin
2024-01-26 13:03:15,762 [INFO] PluginManager:220 - loadIPPluginJar : add dma3
2024-01-26 13:03:15,787 [INFO] IPUIPlugin:80 - create IPUIPlugin
2024-01-26 13:03:15,787 [INFO] PluginManager:220 - loadIPPluginJar : add fatfs
2024-01-26 13:03:15,842 [INFO] IPUIPlugin:80 - create IPUIPlugin
2024-01-26 13:03:15,842 [INFO] PluginManager:220 - loadIPPluginJar : add fmc
2024-01-26 13:03:15,897 [INFO] IPUIPlugin:80 - create IPUIPlugin
2024-01-26 13:03:15,898 [INFO] PluginManager:220 - loadIPPluginJar : add freertos
2024-01-26 13:03:15,925 [INFO] IPUIPlugin:80 - create IPUIPlugin
2024-01-26 13:03:15,926 [INFO] PluginManager:220 - loadIPPluginJar : add genericplugin
2024-01-26 13:03:16,030 [INFO] IPUIPlugin:80 - create IPUIPlugin
2024-01-26 13:03:16,030 [INFO] PluginManager:220 - loadIPPluginJar : add gfxmmu
2024-01-26 13:03:16,179 [INFO] IPUIPlugin:80 - create IPUIPlugin
2024-01-26 13:03:16,179 [INFO] PluginManager:220 - loadIPPluginJar : add gic
2024-01-26 13:03:16,197 [INFO] IPUIPlugin:80 - create IPUIPlugin
2024-01-26 13:03:16,197 [INFO] PluginManager:220 - loadIPPluginJar : add gpio
2024-01-26 13:03:16,294 [INFO] IPUIPlugin:80 - create IPUIPlugin
2024-01-26 13:03:16,294 [INFO] PluginManager:220 - loadIPPluginJar : add gtzc
2024-01-26 13:03:16,336 [INFO] IPUIPlugin:80 - create IPUIPlugin
2024-01-26 13:03:16,336 [INFO] PluginManager:220 - loadIPPluginJar : add hash
2024-01-26 13:03:16,407 [INFO] IPUIPlugin:80 - create IPUIPlugin
2024-01-26 13:03:16,407 [INFO] PluginManager:220 - loadIPPluginJar : add i2c
2024-01-26 13:03:16,464 [INFO] IPUIPlugin:80 - create IPUIPlugin
2024-01-26 13:03:16,465 [INFO] PluginManager:220 - loadIPPluginJar : add i2s
2024-01-26 13:03:16,510 [INFO] IPUIPlugin:80 - create IPUIPlugin
2024-01-26 13:03:16,510 [INFO] PluginManager:220 - loadIPPluginJar : add i3c
2024-01-26 13:03:16,627 [INFO] IPUIPlugin:80 - create IPUIPlugin
2024-01-26 13:03:16,627 [INFO] PluginManager:220 - loadIPPluginJar : add ipddr
2024-01-26 13:03:16,728 [INFO] IPUIPlugin:80 - create IPUIPlugin
2024-01-26 13:03:16,729 [INFO] PluginManager:220 - loadIPPluginJar : add linkedlist
2024-01-26 13:03:16,773 [INFO] IPUIPlugin:80 - create IPUIPlugin
2024-01-26 13:03:16,773 [INFO] PluginManager:220 - loadIPPluginJar : add lorawan
2024-01-26 13:03:16,813 [INFO] IPUIPlugin:80 - create IPUIPlugin
2024-01-26 13:03:16,813 [INFO] PluginManager:220 - loadIPPluginJar : add ltdc
2024-01-26 13:03:16,830 [INFO] IPUIPlugin:80 - create IPUIPlugin
2024-01-26 13:03:16,830 [INFO] PluginManager:220 - loadIPPluginJar : add mdma
2024-01-26 13:03:16,845 [INFO] IPUIPlugin:80 - create IPUIPlugin
2024-01-26 13:03:16,845 [INFO] PluginManager:220 - loadIPPluginJar : add nvic
2024-01-26 13:03:16,884 [INFO] IPUIPlugin:80 - create IPUIPlugin
2024-01-26 13:03:16,884 [INFO] PluginManager:220 - loadIPPluginJar : add opamp
2024-01-26 13:03:16,950 [INFO] IPUIPlugin:80 - create IPUIPlugin
2024-01-26 13:03:16,951 [INFO] PluginManager:220 - loadIPPluginJar : add openamp
2024-01-26 13:03:17,003 [INFO] IPUIPlugin:80 - create IPUIPlugin
2024-01-26 13:03:17,003 [INFO] PluginManager:220 - loadIPPluginJar : add pdm2pcm
2024-01-26 13:03:17,019 [INFO] IPUIPlugin:80 - create IPUIPlugin
2024-01-26 13:03:17,022 [INFO] PluginManager:220 - loadIPPluginJar : add plateformsettings
2024-01-26 13:03:17,047 [INFO] IPUIPlugin:80 - create IPUIPlugin
2024-01-26 13:03:17,047 [INFO] PluginManager:220 - loadIPPluginJar : add quadspi
2024-01-26 13:03:17,062 [INFO] IPUIPlugin:80 - create IPUIPlugin
2024-01-26 13:03:17,062 [INFO] PluginManager:220 - loadIPPluginJar : add resmgrutility
2024-01-26 13:03:17,124 [INFO] IPUIPlugin:80 - create IPUIPlugin
2024-01-26 13:03:17,124 [INFO] PluginManager:220 - loadIPPluginJar : add sai
2024-01-26 13:03:17,168 [INFO] IPUIPlugin:80 - create IPUIPlugin
2024-01-26 13:03:17,169 [INFO] PluginManager:220 - loadIPPluginJar : add spi
2024-01-26 13:03:17,245 [INFO] IPUIPlugin:80 - create IPUIPlugin
2024-01-26 13:03:17,246 [INFO] PluginManager:220 - loadIPPluginJar : add stm32_wpan
2024-01-26 13:03:17,293 [INFO] IPUIPlugin:80 - create IPUIPlugin
2024-01-26 13:03:17,293 [INFO] PluginManager:220 - loadIPPluginJar : add tim
2024-01-26 13:03:17,354 [INFO] IPUIPlugin:80 - create IPUIPlugin
2024-01-26 13:03:17,355 [INFO] PluginManager:220 - loadIPPluginJar : add touchsensing
2024-01-26 13:03:17,384 [INFO] IPUIPlugin:80 - create IPUIPlugin
2024-01-26 13:03:17,384 [INFO] PluginManager:220 - loadIPPluginJar : add tracer_emb
2024-01-26 13:03:17,410 [INFO] IPUIPlugin:80 - create IPUIPlugin
2024-01-26 13:03:17,410 [INFO] PluginManager:220 - loadIPPluginJar : add ts
2024-01-26 13:03:17,435 [INFO] IPUIPlugin:80 - create IPUIPlugin
2024-01-26 13:03:17,435 [INFO] PluginManager:220 - loadIPPluginJar : add tsc
2024-01-26 13:03:17,460 [INFO] IPUIPlugin:80 - create IPUIPlugin
2024-01-26 13:03:17,461 [INFO] PluginManager:220 - loadIPPluginJar : add ucpd
2024-01-26 13:03:17,508 [INFO] IPUIPlugin:80 - create IPUIPlugin
2024-01-26 13:03:17,508 [INFO] PluginManager:220 - loadIPPluginJar : add usart
2024-01-26 13:03:17,555 [INFO] IPUIPlugin:80 - create IPUIPlugin
2024-01-26 13:03:17,555 [INFO] PluginManager:220 - loadIPPluginJar : add usbx
2024-01-26 13:03:17,708 [INFO] CADModel:165 - CPN selected for project level
2024-01-26 13:03:17,709 [INFO] CADModel:114 - Register for checkConnection events
2024-01-26 13:03:17,709 [FATAL] Updater:308 - Updater called before beeing initialized
2024-01-26 13:03:17,709 [ERROR] CADModel:125 - Updater not yet initialized, retry later 
2024-01-26 13:03:17,854 [INFO] ThirdPartyUpdaterWithRetryManager:70 - Updater plugin not ready yet. [2/15]
2024-01-26 13:03:17,900 [INFO] CADModel:165 - CPN selected for project level
2024-01-26 13:03:17,900 [INFO] CADModel:114 - Register for checkConnection events
2024-01-26 13:03:17,900 [FATAL] Updater:308 - Updater called before beeing initialized
2024-01-26 13:03:17,900 [ERROR] CADModel:125 - Updater not yet initialized, retry later 
2024-01-26 13:03:17,903 [FATAL] Updater:308 - Updater called before beeing initialized
2024-01-26 13:03:18,033 [FATAL] Updater:308 - Updater called before beeing initialized
2024-01-26 13:03:18,043 [INFO] DbMcusAds:53 - JSON generation date=Wed Nov 29 19:52:27 KST 2023 (1701255147349)
2024-01-26 13:03:18,043 [FATAL] Updater:308 - Updater called before beeing initialized
2024-01-26 13:03:18,139 [WARN] DetailPanel:346 - Failed to get advertising image, set to default
2024-01-26 13:03:18,237 [FATAL] Updater:308 - Updater called before beeing initialized
2024-01-26 13:03:18,240 [FATAL] Updater:308 - Updater called before beeing initialized
2024-01-26 13:03:18,240 [FATAL] Updater:308 - Updater called before beeing initialized
2024-01-26 13:03:18,240 [WARN] DetailPanel:346 - Failed to get advertising image, set to default
2024-01-26 13:03:18,241 [FATAL] Updater:308 - Updater called before beeing initialized
2024-01-26 13:03:18,312 [ERROR] Updater:1120 - MainUpdater not yet initialized. External WinMGr cannot be set.
2024-01-26 13:03:18,325 [INFO] Updater:1056 - Updater Version found : 6.10.0
2024-01-26 13:03:18,343 [INFO] ApplicationProperties:184 - Using Application install path: C:\ST\STM32CubeIDE_1.13.2\STM32CubeIDE\plugins\com.st.stm32cube.common.mx_6.10.0.202311202037
2024-01-26 13:03:19,260 [INFO] MainUpdater:2873 - connection check result : 10
2024-01-26 13:03:19,261 [INFO] MainUpdater:290 - Updater Check For Update Now.
2024-01-26 13:03:19,261 [INFO] MicroXplorer:498 - Change Database Version : DB.6.0.100
2024-01-26 13:03:19,300 [INFO] McuFinderGlobals:63 - Set McuFinder mode to 2 (CubeIDE integrated)
2024-01-26 13:03:19,320 [INFO] UserAuth:404 - Internet connection configuration mode: 1
2024-01-26 13:03:19,350 [INFO] JxBrowserEngine:152 - Initiate JxBrowser Engine with user profile folder
2024-01-26 13:03:19,502 [INFO] CheckServerUpdateThread:120 - End of CheckServer Thread
2024-01-26 13:03:21,059 [WARN] PackLoader:240 - Cannot read IP mode file for STMicroelectronics.X-CUBE-SMBUS.2.1.0
2024-01-26 13:03:21,080 [WARN] PackLoader:240 - Cannot read IP mode file for STMicroelectronics.X-CUBE-TOUCHGFX.4.23.0
2024-01-26 13:03:21,136 [WARN] PackLoader:240 - Cannot read IP mode file for STMicroelectronics.X-CUBE-AZRTOS-F7.1.1.0
2024-01-26 13:03:21,172 [WARN] PackLoader:240 - Cannot read IP mode file for STMicroelectronics.FP-SNS-MOTENV1.4.3.2
2024-01-26 13:03:21,193 [WARN] PackLoader:240 - Cannot read IP mode file for STMicroelectronics.FP-SNS-FLIGHT1.5.0.2
2024-01-26 13:03:21,215 [WARN] PackLoader:240 - Cannot read IP mode file for STMicroelectronics.X-CUBE-DISPLAY.3.0.0
2024-01-26 13:03:21,251 [WARN] PackLoader:240 - Cannot read IP mode file for STMicroelectronics.X-CUBE-BLE1.7.0.0
2024-01-26 13:03:21,273 [WARN] PackLoader:240 - Cannot read IP mode file for emotas.I-CUBE-CANOPEN.1.3.0
2024-01-26 13:03:21,287 [WARN] PackLoader:240 - Cannot read IP mode file for STMicroelectronics.X-CUBE-TOUCHGFX.4.22.1
2024-01-26 13:03:21,304 [WARN] PackLoader:240 - Cannot read IP mode file for STMicroelectronics.FP-SNS-SMARTAG2.1.2.0
2024-01-26 13:03:21,334 [INFO] LogOutputStream:77 - [STDOUT_REDIRECT] 1 : Invalid condition id : UX_CORESTACK_Condition cause : null
2024-01-26 13:03:21,335 [INFO] LogOutputStream:77 - [STDOUT_REDIRECT] 1 : Invalid condition id : UX_CORESTACK_Condition cause : null
2024-01-26 13:03:21,337 [INFO] LogOutputStream:77 - [STDOUT_REDIRECT] 1 : Invalid condition id : UX_CORESTACK_Condition cause : null
2024-01-26 13:03:21,338 [INFO] LogOutputStream:77 - [STDOUT_REDIRECT] 1 : Invalid condition id : UX_CORESTACK_Condition cause : null
2024-01-26 13:03:21,340 [INFO] LogOutputStream:77 - [STDOUT_REDIRECT] 1 : Invalid condition id : UX_CORESTACK_Condition cause : null
2024-01-26 13:03:21,347 [WARN] PackLoader:240 - Cannot read IP mode file for STMicroelectronics.X-CUBE-AZRTOS-WL.2.0.0
2024-01-26 13:03:21,368 [WARN] PackLoader:240 - Cannot read IP mode file for WES.I-CUBE-Cesium.1.3.0
2024-01-26 13:03:21,388 [WARN] PackLoader:240 - Cannot read IP mode file for STMicroelectronics.X-CUBE-BLE2.3.3.0
2024-01-26 13:03:21,409 [WARN] PackLoader:240 - Cannot read IP mode file for STMicroelectronics.X-CUBE-ALGOBUILD.1.3.0
2024-01-26 13:03:21,455 [WARN] PackLoader:240 - Cannot read IP mode file for STMicroelectronics.X-CUBE-AZRTOS-G0.1.1.0
2024-01-26 13:03:21,478 [WARN] PackLoader:240 - Cannot read IP mode file for STMicroelectronics.X-CUBE-NFC4.3.0.0
2024-01-26 13:03:21,503 [WARN] PackLoader:240 - Cannot read IP mode file for STMicroelectronics.X-CUBE-BLEMGR.3.0.0
2024-01-26 13:03:21,519 [WARN] PackLoader:240 - Cannot read IP mode file for STMicroelectronics.FP-ATR-SIGFOX1.3.2.0
2024-01-26 13:03:21,574 [WARN] PackLoader:240 - Cannot read IP mode file for SEGGER.I-CUBE-embOS.1.3.1
2024-01-26 13:03:21,676 [WARN] PackLoader:240 - Cannot read IP mode file for STMicroelectronics.X-CUBE-GNSS1.6.0.0
2024-01-26 13:03:21,723 [WARN] PackLoader:240 - Cannot read IP mode file for STMicroelectronics.X-CUBE-AZRTOS-F4.1.1.0
2024-01-26 13:03:22,025 [WARN] PackLoader:240 - Cannot read IP mode file for wolfSSL.I-CUBE-wolfSSL.5.6.3
2024-01-26 13:03:22,066 [WARN] PackLoader:240 - Cannot read IP mode file for STMicroelectronics.X-CUBE-AZRTOS-L5.2.0.0
2024-01-26 13:03:22,093 [WARN] PackLoader:240 - Cannot read IP mode file for STMicroelectronics.X-CUBE-EEPRMA1.4.2.0
2024-01-26 13:03:22,115 [WARN] PackLoader:240 - Cannot read IP mode file for ITTIA_DB.I-CUBE-ITTIADB.8.8.0
2024-01-26 13:03:22,138 [WARN] PackLoader:240 - Cannot read IP mode file for STMicroelectronics.X-CUBE-BLEMGR.2.0.0
2024-01-26 13:03:22,188 [WARN] ConditionMgr:438 - getConditionDescription Invalid condition id : UX DEVICE CLASS RTOS Condition cause : null
2024-01-26 13:03:22,188 [WARN] ConditionMgr:438 - getConditionDescription Invalid condition id : UX DEVICE CLASS RTOS Condition cause : null
2024-01-26 13:03:22,193 [WARN] PackLoader:240 - Cannot read IP mode file for STMicroelectronics.X-CUBE-AZRTOS-H7.3.1.0
2024-01-26 13:03:22,212 [WARN] ConditionMgr:1039 - genDependencies : Invalid condition id : UX DEVICE CLASS RTOS Condition cause : null
2024-01-26 13:03:22,213 [WARN] ConditionMgr:1039 - genDependencies : Invalid condition id : UX DEVICE CLASS RTOS Condition cause : null
2024-01-26 13:03:22,214 [WARN] ConditionMgr:1039 - genDependencies : Invalid condition id : UX DEVICE CLASS RTOS Condition cause : null
2024-01-26 13:03:22,215 [WARN] ConditionMgr:1039 - genDependencies : Invalid condition id : UX DEVICE CLASS RTOS Condition cause : null
2024-01-26 13:03:22,215 [WARN] ConditionMgr:1039 - genDependencies : Invalid condition id : UX DEVICE CLASS RTOS Condition cause : null
2024-01-26 13:03:22,243 [WARN] PackLoader:240 - Cannot read IP mode file for STMicroelectronics.X-CUBE-NFC7.1.0.1
2024-01-26 13:03:22,273 [WARN] PackLoader:240 - Cannot read IP mode file for STMicroelectronics.X-CUBE-NFC6.3.0.0
2024-01-26 13:03:22,297 [WARN] PackLoader:240 - Cannot read IP mode file for STMicroelectronics.X-CUBE-EEPRMA1.4.1.0
2024-01-26 13:03:22,317 [WARN] PackLoader:240 - Cannot read IP mode file for STMicroelectronics.X-CUBE-AI.8.1.0
2024-01-26 13:03:22,353 [WARN] ConditionMgr:438 - getConditionDescription Invalid condition id : LAN8742 Phy interface Condition cause : null
2024-01-26 13:03:22,354 [WARN] PackLoader:240 - Cannot read IP mode file for STMicroelectronics.X-CUBE-AZRTOS-L4.2.0.0
2024-01-26 13:03:22,355 [WARN] ConditionMgr:1039 - genDependencies : Invalid condition id : LAN8742 Phy interface Condition cause : null
2024-01-26 13:03:22,356 [WARN] ConditionMgr:1039 - genDependencies : Invalid condition id : LAN8742 Phy interface Condition cause : null
2024-01-26 13:03:22,357 [WARN] ConditionMgr:1039 - genDependencies : Invalid condition id : LAN8742 Phy interface Condition cause : null
2024-01-26 13:03:22,376 [WARN] PackLoader:240 - Cannot read IP mode file for STMicroelectronics.X-CUBE-SFXS2LP1.4.0.0
2024-01-26 13:03:22,395 [WARN] PackLoader:240 - Cannot read IP mode file for STMicroelectronics.X-CUBE-ISPU.1.1.0
2024-01-26 13:03:22,428 [WARN] ConditionMgr:438 - getConditionDescription Invalid condition id : UX DEVICE CLASS RTOS Condition cause : null
2024-01-26 13:03:22,429 [WARN] ConditionMgr:438 - getConditionDescription Invalid condition id : UX DEVICE CLASS RTOS Condition cause : null
2024-01-26 13:03:22,431 [WARN] PackLoader:240 - Cannot read IP mode file for STMicroelectronics.X-CUBE-AZRTOS-WB.2.0.0
2024-01-26 13:03:22,432 [WARN] ConditionMgr:1039 - genDependencies : Invalid condition id : UX DEVICE CLASS RTOS Condition cause : null
2024-01-26 13:03:22,432 [WARN] ConditionMgr:1039 - genDependencies : Invalid condition id : UX DEVICE CLASS RTOS Condition cause : null
2024-01-26 13:03:22,432 [WARN] ConditionMgr:1039 - genDependencies : Invalid condition id : UX DEVICE CLASS RTOS Condition cause : null
2024-01-26 13:03:22,433 [WARN] ConditionMgr:1039 - genDependencies : Invalid condition id : UX DEVICE CLASS RTOS Condition cause : null
2024-01-26 13:03:22,433 [WARN] ConditionMgr:1039 - genDependencies : Invalid condition id : UX DEVICE CLASS RTOS Condition cause : null
2024-01-26 13:03:22,458 [WARN] PackLoader:240 - Cannot read IP mode file for STMicroelectronics.X-CUBE-SUBG2.5.0.0
2024-01-26 13:03:22,492 [WARN] PackLoader:240 - Cannot read IP mode file for STMicroelectronics.X-CUBE-TOF1.3.3.1
2024-01-26 13:03:22,541 [WARN] PackLoader:240 - Cannot read IP mode file for STMicroelectronics.X-CUBE-AZRTOS-G4.2.0.0
2024-01-26 13:03:22,569 [WARN] PackLoader:240 - Cannot read IP mode file for Infineon.AIROC-Wi-Fi-Bluetooth-STM32.1.5.1
2024-01-26 13:03:22,587 [WARN] PackLoader:240 - Cannot read IP mode file for STMicroelectronics.FP-SNS-MOTENVWB1.1.3.0
2024-01-26 13:03:22,602 [WARN] PackLoader:240 - Cannot read IP mode file for STMicroelectronics.FP-SNS-MOTENVWB1.1.3.1
2024-01-26 13:03:22,618 [WARN] PackLoader:240 - Cannot read IP mode file for STMicroelectronics.X-CUBE-ISPU.2.0.0
2024-01-26 13:03:22,697 [WARN] PackLoader:240 - Cannot read IP mode file for STMicroelectronics.X-CUBE-MEMS1.10.0.0
2024-01-26 13:03:23,309 [WARN] PackLoader:240 - Cannot read IP mode file for STMicroelectronics.X-CUBE-FREERTOS.1.1.0
2024-01-26 13:03:23,329 [WARN] PackLoader:240 - Cannot read IP mode file for portGmbH.I-Cube-SoM-uGOAL.1.1.0
2024-01-26 13:03:23,348 [WARN] PackLoader:240 - Cannot read IP mode file for STMicroelectronics.X-CUBE-ALS.1.0.1
2024-01-26 13:03:23,366 [WARN] PackLoader:240 - Cannot read IP mode file for STMicroelectronics.FP-ATR-ASTRA1.2.0.0
2024-01-26 13:03:23,394 [WARN] PackLoader:240 - Cannot read IP mode file for STMicroelectronics.X-CUBE-TOF1.3.4.0
2024-01-26 13:03:23,445 [WARN] PackLoader:240 - Cannot read IP mode file for STMicroelectronics.X-CUBE-AZRTOS-H7.3.2.0
2024-01-26 13:03:23,460 [INFO] ThirdParty:978 - Integrity check success = true
2024-01-26 13:03:23,460 [INFO] IntegrityCheckThread:100 - exiting critical section [integrity check]
2024-01-26 13:03:23,460 [INFO] IntegrityCheckThread:103 - End integrity checks thread
2024-01-26 13:03:23,773 [INFO] WebApp:161 - Instantiating new browser for Auth
2024-01-26 13:03:24,528 [INFO] WebApp:780 - Register for checkConnection events
2024-01-26 13:03:24,528 [INFO] WebApp:414 - Apply proxy settings
2024-01-26 13:03:24,529 [INFO] WebApp:499 - Chromium requires no authentication
2024-01-26 13:03:24,538 [INFO] WebApp:442 - Direct internet connection detected
2024-01-26 13:03:24,737 [INFO] WebApp:192 - Starting web application
2024-01-26 13:03:24,737 [INFO] WebApp:544 - Web application path used C:\ST\STM32CubeIDE_1.13.2\STM32CubeIDE\plugins\com.st.stm32cube.common.mx_6.10.0.202311202037\db\plugins\mcufinder\reactClient1\index.html
2024-01-26 13:03:46,023 [ERROR] LogOutputStream:75 - [STDERR_REDIRECT] SLF4J: Failed to load class "org.slf4j.impl.StaticLoggerBinder".
2024-01-26 13:03:46,023 [ERROR] LogOutputStream:75 - [STDERR_REDIRECT] SLF4J: Defaulting to no-operation (NOP) logger implementation
2024-01-26 13:03:46,025 [ERROR] LogOutputStream:75 - [STDERR_REDIRECT] SLF4J: See http://www.slf4j.org/codes.html#StaticLoggerBinder for further details.
2024-01-26 13:06:46,165 [ERROR] LogOutputStream:75 - [STDERR_REDIRECT] 
