2024-01-24 16:40:28,620 [INFO] Activator:176 - 


2024-01-24 16:40:28,628 [INFO] Activator:177 - !SESSION log4j initialized
2024-01-24 16:40:36,337 [INFO] LogOutputStream:77 - [STDOUT_REDIRECT] 
2024-01-24 16:40:45,397 [INFO] ApplicationProperties:184 - Using Application install path: C:\ST\STM32CubeIDE_1.13.2\STM32CubeIDE\plugins\com.st.stm32cube.common.mx_6.10.0.202311202037
2024-01-24 16:40:45,426 [INFO] DbMcusXml:78 - Set database path to: C:\ST\STM32CubeIDE_1.13.2\STM32CubeIDE\plugins\com.st.stm32cube.common.mx_6.10.0.202311202037\\db\/mcu/
2024-01-24 16:40:45,426 [INFO] ApiDb:274 - Set plugin database path to: C:\ST\STM32CubeIDE_1.13.2\STM32CubeIDE\plugins\com.st.stm32cube.common.mx_6.10.0.202311202037\\db\/plugins/boardmanager/
2024-01-24 16:40:45,427 [WARN] ApiDb:259 - Overriding images path with different value:  => C:\ST\STM32CubeIDE_1.13.2\STM32CubeIDE\plugins\com.st.stm32cube.common.mx_6.10.0.202311202037\\db\/plugins/mcufinder/images/
2024-01-24 16:40:45,446 [INFO] ApiDb:250 - Set database path to: C:\Users\박병준\.stmcufinder\plugins\mcufinder//mcu/
2024-01-24 16:40:45,448 [INFO] DbMcusAds:125 - Set database path to: C:\Users\박병준\.stmcufinder\plugins\mcufinder//mcu/
2024-01-24 16:40:45,451 [INFO] CrossReferenceDbSqlite:203 - Set database path to: C:\Users\박병준\.stmcufinder\plugins\mcufinder//mcu/cs/
2024-01-24 16:40:45,644 [INFO] RulesReader:64 - Compatibility file has been processed (297 Rules)
2024-01-24 16:40:45,770 [INFO] DbMcusXml:78 - Set database path to: C:\ST\STM32CubeIDE_1.13.2\STM32CubeIDE\plugins\com.st.stm32cube.common.mx_6.10.0.202311202037\\db\/mcu/
2024-01-24 16:40:45,770 [INFO] ApiDb:274 - Set plugin database path to: C:\ST\STM32CubeIDE_1.13.2\STM32CubeIDE\plugins\com.st.stm32cube.common.mx_6.10.0.202311202037\\db\/plugins/boardmanager/
2024-01-24 16:40:45,771 [INFO] ApiDb:261 - Set plugin images path to: C:\ST\STM32CubeIDE_1.13.2\STM32CubeIDE\plugins\com.st.stm32cube.common.mx_6.10.0.202311202037\\db\/plugins/mcufinder/images/
2024-01-24 16:40:45,771 [WARN] DbFile:41 - Overriding database path with different value: C:\Users\박병준\.stmcufinder\plugins\mcufinder/ => C:\Users\박병준\.stmcufinder\plugins\mcufinder
2024-01-24 16:40:45,771 [INFO] ApiDb:250 - Set database path to: C:\Users\박병준\.stmcufinder\plugins\mcufinder//mcu/
2024-01-24 16:40:45,772 [WARN] DbFile:41 - Overriding database path with different value: C:\Users\박병준\.stmcufinder\plugins\mcufinder/ => C:\Users\박병준\.stmcufinder\plugins\mcufinder
2024-01-24 16:40:45,772 [INFO] DbMcusAds:125 - Set database path to: C:\Users\박병준\.stmcufinder\plugins\mcufinder//mcu/
2024-01-24 16:40:45,772 [WARN] DbFile:41 - Overriding database path with different value: C:\Users\박병준\.stmcufinder\plugins\mcufinder/ => C:\Users\박병준\.stmcufinder\plugins\mcufinder
2024-01-24 16:40:45,772 [WARN] DbFile:41 - Overriding database path with different value: C:\Users\박병준\.stmcufinder\plugins\mcufinder/ => C:\Users\박병준\.stmcufinder\plugins\mcufinder
2024-01-24 16:40:45,772 [INFO] CrossReferenceDbSqlite:203 - Set database path to: C:\Users\박병준\.stmcufinder\plugins\mcufinder//mcu/cs/
2024-01-24 16:40:45,880 [INFO] MainPanel:264 - HeapMemory: 268435456
2024-01-24 16:40:46,021 [INFO] DbMcusXml:78 - Set database path to: C:\ST\STM32CubeIDE_1.13.2\STM32CubeIDE\plugins\com.st.stm32cube.common.mx_6.10.0.202311202037\\db\/mcu/
2024-01-24 16:40:46,021 [INFO] ApiDb:274 - Set plugin database path to: C:\ST\STM32CubeIDE_1.13.2\STM32CubeIDE\plugins\com.st.stm32cube.common.mx_6.10.0.202311202037\\db\/plugins/boardmanager/
2024-01-24 16:40:46,021 [INFO] ApiDb:261 - Set plugin images path to: C:\ST\STM32CubeIDE_1.13.2\STM32CubeIDE\plugins\com.st.stm32cube.common.mx_6.10.0.202311202037\\db\/plugins/mcufinder/images/
2024-01-24 16:40:46,022 [WARN] DbFile:41 - Overriding database path with different value: C:\Users\박병준\.stmcufinder\plugins\mcufinder/ => C:\Users\박병준\.stmcufinder\plugins\mcufinder
2024-01-24 16:40:46,022 [INFO] ApiDb:250 - Set database path to: C:\Users\박병준\.stmcufinder\plugins\mcufinder//mcu/
2024-01-24 16:40:46,022 [WARN] DbFile:41 - Overriding database path with different value: C:\Users\박병준\.stmcufinder\plugins\mcufinder/ => C:\Users\박병준\.stmcufinder\plugins\mcufinder
2024-01-24 16:40:46,022 [INFO] DbMcusAds:125 - Set database path to: C:\Users\박병준\.stmcufinder\plugins\mcufinder//mcu/
2024-01-24 16:40:46,022 [WARN] DbFile:41 - Overriding database path with different value: C:\Users\박병준\.stmcufinder\plugins\mcufinder/ => C:\Users\박병준\.stmcufinder\plugins\mcufinder
2024-01-24 16:40:46,022 [WARN] DbFile:41 - Overriding database path with different value: C:\Users\박병준\.stmcufinder\plugins\mcufinder/ => C:\Users\박병준\.stmcufinder\plugins\mcufinder
2024-01-24 16:40:46,022 [INFO] CrossReferenceDbSqlite:203 - Set database path to: C:\Users\박병준\.stmcufinder\plugins\mcufinder//mcu/cs/
2024-01-24 16:40:46,049 [INFO] ApplicationProperties:184 - Using Application install path: C:\ST\STM32CubeIDE_1.13.2\STM32CubeIDE\plugins\com.st.stm32cube.common.mx_6.10.0.202311202037
2024-01-24 16:40:46,052 [INFO] PluginManage:196 - Search for loadable plugins [exclusion list=, ]
2024-01-24 16:40:46,054 [INFO] PluginManage:310 - Check plugin analytics
2024-01-24 16:40:50,852 [INFO] AnalyticsPlugin:253 - Accepted Software Licenses: STM32CubeMX.6.9.2
2024-01-24 16:40:50,852 [INFO] AnalyticsPlugin:255 - Accepted CMSIS Pack Licenses: STMicroelectronics.X-CUBE-AZRTOS-F4.1.1.0
2024-01-24 16:40:50,853 [INFO] AnalyticsPlugin:257 - Accepted Firmware Licenses: FW.F4.1.27.0,FW.F4.1.28.0
2024-01-24 16:40:50,856 [INFO] PluginManage:359 - Loaded plugin analytics (category:tool,tabindex:-1)
2024-01-24 16:40:50,856 [INFO] PluginManage:310 - Check plugin cadmodel
2024-01-24 16:40:50,876 [INFO] CADModel:105 - Init CAD model plugin
2024-01-24 16:40:50,876 [INFO] PluginManage:359 - Loaded plugin cadmodel (category:power,tabindex:5)
2024-01-24 16:40:50,876 [INFO] PluginManage:310 - Check plugin clock
2024-01-24 16:40:50,900 [INFO] PluginManage:359 - Loaded plugin clock (category:base,tabindex:2)
2024-01-24 16:40:50,901 [INFO] PluginManage:310 - Check plugin ddr
2024-01-24 16:40:50,903 [INFO] PluginManage:359 - Loaded plugin ddr (category:tool,tabindex:6)
2024-01-24 16:40:50,903 [INFO] PluginManage:310 - Check plugin filemanager
2024-01-24 16:40:51,040 [INFO] PluginManage:359 - Loaded plugin filemanager (category:base,tabindex:10)
2024-01-24 16:40:51,041 [INFO] PluginManage:310 - Check plugin ipmanager
2024-01-24 16:40:51,050 [INFO] PluginManage:359 - Loaded plugin ipmanager (category:base,tabindex:5)
2024-01-24 16:40:51,051 [INFO] PluginManage:310 - Check plugin lpbam
2024-01-24 16:40:51,072 [INFO] PluginManage:359 - Loaded plugin lpbam (category:base,tabindex:0)
2024-01-24 16:40:51,073 [INFO] PluginManage:310 - Check plugin memorymap
2024-01-24 16:40:51,104 [INFO] PluginManage:359 - Loaded plugin memorymap (category:base,tabindex:4)
2024-01-24 16:40:51,105 [INFO] PluginManage:310 - Check plugin pinoutandconfiguration
2024-01-24 16:40:51,128 [INFO] PluginManage:359 - Loaded plugin pinoutandconfiguration (category:base,tabindex:1)
2024-01-24 16:40:51,128 [INFO] PluginManage:310 - Check plugin pinoutconfig
2024-01-24 16:40:51,225 [WARN] SupportedApi:132 - Cannot load RTOS API schema: s4s-elt-must-match.1: The content of 'definitions' must match (annotation?, (simpleType | complexType)?, (unique | key | keyref)*)). A problem was found starting at: attribute.
2024-01-24 16:40:51,375 [INFO] PluginManage:359 - Loaded plugin pinoutconfig (category:base,tabindex:0)
2024-01-24 16:40:51,375 [INFO] PluginManage:310 - Check plugin power
2024-01-24 16:40:51,400 [INFO] PluginManage:359 - Loaded plugin power (category:power,tabindex:4)
2024-01-24 16:40:51,401 [INFO] PluginManage:310 - Check plugin projectmanager
2024-01-24 16:40:51,419 [INFO] PluginManage:359 - Loaded plugin projectmanager (category:projectmanager,tabindex:3)
2024-01-24 16:40:51,419 [INFO] PluginManage:310 - Check plugin thirdparty
2024-01-24 16:40:51,755 [INFO] PluginManage:359 - Loaded plugin thirdparty (category:base,tabindex:-1)
2024-01-24 16:40:51,755 [WARN] IntegrityCheckThread:84 - waiting for thirdparty lock release [integrity check]
2024-01-24 16:40:51,755 [INFO] PluginManage:310 - Check plugin tools
2024-01-24 16:40:51,755 [INFO] IntegrityCheckThread:86 - entering critical section [integrity check]
2024-01-24 16:40:51,756 [INFO] ThirdPartyUpdaterWithRetryManager:70 - Updater plugin not ready yet. [1/15]
2024-01-24 16:40:51,793 [INFO] PluginManage:359 - Loaded plugin tools (category:base,tabindex:7)
2024-01-24 16:40:51,794 [INFO] PluginManage:310 - Check plugin tutovideos
2024-01-24 16:40:51,994 [INFO] PluginManage:359 - Loaded plugin tutovideos (category:base,tabindex:-1)
2024-01-24 16:40:51,994 [INFO] PluginManage:310 - Check plugin updater
2024-01-24 16:40:52,005 [INFO] PluginManage:359 - Loaded plugin updater (category:base,tabindex:12)
2024-01-24 16:40:52,006 [INFO] PluginManage:310 - Check plugin userauth
2024-01-24 16:40:52,012 [INFO] UserAuth:114 - Init User Auth plugin
2024-01-24 16:40:52,012 [INFO] PluginManage:359 - Loaded plugin userauth (category:base,tabindex:14)
2024-01-24 16:40:52,013 [INFO] PluginManage:283 - PluginManage : Loaded plugins [17]
2024-01-24 16:40:52,279 [INFO] PinOutPanel:1499 - setPackage(No Configuration,No Configuration)
2024-01-24 16:40:52,357 [INFO] CADModel:165 - CPN selected for project level
2024-01-24 16:40:52,357 [INFO] CADModel:114 - Register for checkConnection events
2024-01-24 16:40:52,384 [INFO] IPUIPlugin:80 - create IPUIPlugin
2024-01-24 16:40:52,384 [INFO] PluginManager:220 - loadIPPluginJar : add adc
2024-01-24 16:40:52,423 [INFO] IPUIPlugin:80 - create IPUIPlugin
2024-01-24 16:40:52,423 [INFO] PluginManager:220 - loadIPPluginJar : add aes
2024-01-24 16:40:52,469 [INFO] IPUIPlugin:80 - create IPUIPlugin
2024-01-24 16:40:52,469 [INFO] PluginManager:220 - loadIPPluginJar : add can
2024-01-24 16:40:52,494 [INFO] IPUIPlugin:80 - create IPUIPlugin
2024-01-24 16:40:52,494 [INFO] PluginManager:220 - loadIPPluginJar : add comp
2024-01-24 16:40:52,531 [INFO] IPUIPlugin:80 - create IPUIPlugin
2024-01-24 16:40:52,531 [INFO] PluginManager:220 - loadIPPluginJar : add cryp
2024-01-24 16:40:52,565 [INFO] IPUIPlugin:80 - create IPUIPlugin
2024-01-24 16:40:52,565 [INFO] PluginManager:220 - loadIPPluginJar : add dfsdm
2024-01-24 16:40:52,581 [INFO] IPUIPlugin:80 - create IPUIPlugin
2024-01-24 16:40:52,581 [INFO] PluginManager:220 - loadIPPluginJar : add dma
2024-01-24 16:40:52,628 [INFO] IPUIPlugin:80 - create IPUIPlugin
2024-01-24 16:40:52,629 [INFO] PluginManager:220 - loadIPPluginJar : add dma3
2024-01-24 16:40:52,653 [INFO] IPUIPlugin:80 - create IPUIPlugin
2024-01-24 16:40:52,653 [INFO] PluginManager:220 - loadIPPluginJar : add fatfs
2024-01-24 16:40:52,702 [INFO] IPUIPlugin:80 - create IPUIPlugin
2024-01-24 16:40:52,702 [INFO] PluginManager:220 - loadIPPluginJar : add fmc
2024-01-24 16:40:52,720 [INFO] IPUIPlugin:80 - create IPUIPlugin
2024-01-24 16:40:52,720 [INFO] PluginManager:220 - loadIPPluginJar : add freertos
2024-01-24 16:40:52,743 [INFO] IPUIPlugin:80 - create IPUIPlugin
2024-01-24 16:40:52,743 [INFO] PluginManager:220 - loadIPPluginJar : add genericplugin
2024-01-24 16:40:52,838 [INFO] IPUIPlugin:80 - create IPUIPlugin
2024-01-24 16:40:52,838 [INFO] PluginManager:220 - loadIPPluginJar : add gfxmmu
2024-01-24 16:40:53,051 [INFO] IPUIPlugin:80 - create IPUIPlugin
2024-01-24 16:40:53,051 [INFO] PluginManager:220 - loadIPPluginJar : add gic
2024-01-24 16:40:53,067 [INFO] IPUIPlugin:80 - create IPUIPlugin
2024-01-24 16:40:53,067 [INFO] PluginManager:220 - loadIPPluginJar : add gpio
2024-01-24 16:40:53,165 [INFO] IPUIPlugin:80 - create IPUIPlugin
2024-01-24 16:40:53,165 [INFO] PluginManager:220 - loadIPPluginJar : add gtzc
2024-01-24 16:40:53,247 [INFO] IPUIPlugin:80 - create IPUIPlugin
2024-01-24 16:40:53,247 [INFO] PluginManager:220 - loadIPPluginJar : add hash
2024-01-24 16:40:53,310 [INFO] IPUIPlugin:80 - create IPUIPlugin
2024-01-24 16:40:53,310 [INFO] PluginManager:220 - loadIPPluginJar : add i2c
2024-01-24 16:40:53,393 [INFO] IPUIPlugin:80 - create IPUIPlugin
2024-01-24 16:40:53,394 [INFO] PluginManager:220 - loadIPPluginJar : add i2s
2024-01-24 16:40:53,434 [INFO] IPUIPlugin:80 - create IPUIPlugin
2024-01-24 16:40:53,434 [INFO] PluginManager:220 - loadIPPluginJar : add i3c
2024-01-24 16:40:53,540 [INFO] IPUIPlugin:80 - create IPUIPlugin
2024-01-24 16:40:53,540 [INFO] PluginManager:220 - loadIPPluginJar : add ipddr
2024-01-24 16:40:53,628 [INFO] IPUIPlugin:80 - create IPUIPlugin
2024-01-24 16:40:53,628 [INFO] PluginManager:220 - loadIPPluginJar : add linkedlist
2024-01-24 16:40:53,665 [INFO] IPUIPlugin:80 - create IPUIPlugin
2024-01-24 16:40:53,666 [INFO] PluginManager:220 - loadIPPluginJar : add lorawan
2024-01-24 16:40:53,702 [INFO] IPUIPlugin:80 - create IPUIPlugin
2024-01-24 16:40:53,702 [INFO] PluginManager:220 - loadIPPluginJar : add ltdc
2024-01-24 16:40:53,717 [INFO] IPUIPlugin:80 - create IPUIPlugin
2024-01-24 16:40:53,718 [INFO] PluginManager:220 - loadIPPluginJar : add mdma
2024-01-24 16:40:53,731 [INFO] IPUIPlugin:80 - create IPUIPlugin
2024-01-24 16:40:53,731 [INFO] PluginManager:220 - loadIPPluginJar : add nvic
2024-01-24 16:40:53,769 [INFO] IPUIPlugin:80 - create IPUIPlugin
2024-01-24 16:40:53,769 [INFO] PluginManager:220 - loadIPPluginJar : add opamp
2024-01-24 16:40:53,827 [INFO] IPUIPlugin:80 - create IPUIPlugin
2024-01-24 16:40:53,828 [INFO] PluginManager:220 - loadIPPluginJar : add openamp
2024-01-24 16:40:53,872 [INFO] IPUIPlugin:80 - create IPUIPlugin
2024-01-24 16:40:53,872 [INFO] PluginManager:220 - loadIPPluginJar : add pdm2pcm
2024-01-24 16:40:53,887 [INFO] IPUIPlugin:80 - create IPUIPlugin
2024-01-24 16:40:53,889 [INFO] PluginManager:220 - loadIPPluginJar : add plateformsettings
2024-01-24 16:40:53,913 [INFO] IPUIPlugin:80 - create IPUIPlugin
2024-01-24 16:40:53,913 [INFO] PluginManager:220 - loadIPPluginJar : add quadspi
2024-01-24 16:40:53,928 [INFO] IPUIPlugin:80 - create IPUIPlugin
2024-01-24 16:40:53,928 [INFO] PluginManager:220 - loadIPPluginJar : add resmgrutility
2024-01-24 16:40:53,975 [INFO] IPUIPlugin:80 - create IPUIPlugin
2024-01-24 16:40:53,975 [INFO] PluginManager:220 - loadIPPluginJar : add sai
2024-01-24 16:40:54,014 [INFO] IPUIPlugin:80 - create IPUIPlugin
2024-01-24 16:40:54,014 [INFO] PluginManager:220 - loadIPPluginJar : add spi
2024-01-24 16:40:54,083 [INFO] IPUIPlugin:80 - create IPUIPlugin
2024-01-24 16:40:54,083 [INFO] PluginManager:220 - loadIPPluginJar : add stm32_wpan
2024-01-24 16:40:54,177 [INFO] IPUIPlugin:80 - create IPUIPlugin
2024-01-24 16:40:54,177 [INFO] PluginManager:220 - loadIPPluginJar : add tim
2024-01-24 16:40:54,233 [INFO] IPUIPlugin:80 - create IPUIPlugin
2024-01-24 16:40:54,233 [INFO] PluginManager:220 - loadIPPluginJar : add touchsensing
2024-01-24 16:40:54,257 [INFO] IPUIPlugin:80 - create IPUIPlugin
2024-01-24 16:40:54,257 [INFO] PluginManager:220 - loadIPPluginJar : add tracer_emb
2024-01-24 16:40:54,280 [INFO] IPUIPlugin:80 - create IPUIPlugin
2024-01-24 16:40:54,280 [INFO] PluginManager:220 - loadIPPluginJar : add ts
2024-01-24 16:40:54,302 [INFO] IPUIPlugin:80 - create IPUIPlugin
2024-01-24 16:40:54,302 [INFO] PluginManager:220 - loadIPPluginJar : add tsc
2024-01-24 16:40:54,325 [INFO] IPUIPlugin:80 - create IPUIPlugin
2024-01-24 16:40:54,325 [INFO] PluginManager:220 - loadIPPluginJar : add ucpd
2024-01-24 16:40:54,373 [INFO] IPUIPlugin:80 - create IPUIPlugin
2024-01-24 16:40:54,374 [INFO] PluginManager:220 - loadIPPluginJar : add usart
2024-01-24 16:40:54,417 [INFO] IPUIPlugin:80 - create IPUIPlugin
2024-01-24 16:40:54,417 [INFO] PluginManager:220 - loadIPPluginJar : add usbx
2024-01-24 16:40:54,554 [INFO] CADModel:165 - CPN selected for project level
2024-01-24 16:40:54,554 [INFO] CADModel:114 - Register for checkConnection events
2024-01-24 16:40:54,555 [FATAL] Updater:308 - Updater called before beeing initialized
2024-01-24 16:40:54,555 [ERROR] CADModel:125 - Updater not yet initialized, retry later 
2024-01-24 16:40:54,757 [INFO] ThirdPartyUpdaterWithRetryManager:70 - Updater plugin not ready yet. [2/15]
2024-01-24 16:40:54,812 [INFO] CADModel:165 - CPN selected for project level
2024-01-24 16:40:54,812 [INFO] CADModel:114 - Register for checkConnection events
2024-01-24 16:40:54,812 [FATAL] Updater:308 - Updater called before beeing initialized
2024-01-24 16:40:54,812 [ERROR] CADModel:125 - Updater not yet initialized, retry later 
2024-01-24 16:40:54,815 [FATAL] Updater:308 - Updater called before beeing initialized
2024-01-24 16:40:54,931 [FATAL] Updater:308 - Updater called before beeing initialized
2024-01-24 16:40:54,942 [INFO] DbMcusAds:53 - JSON generation date=Wed Nov 29 19:52:27 KST 2023 (1701255147349)
2024-01-24 16:40:54,942 [FATAL] Updater:308 - Updater called before beeing initialized
2024-01-24 16:40:55,034 [WARN] DetailPanel:346 - Failed to get advertising image, set to default
2024-01-24 16:40:55,127 [FATAL] Updater:308 - Updater called before beeing initialized
2024-01-24 16:40:55,129 [FATAL] Updater:308 - Updater called before beeing initialized
2024-01-24 16:40:55,129 [FATAL] Updater:308 - Updater called before beeing initialized
2024-01-24 16:40:55,129 [WARN] DetailPanel:346 - Failed to get advertising image, set to default
2024-01-24 16:40:55,130 [FATAL] Updater:308 - Updater called before beeing initialized
2024-01-24 16:40:55,200 [ERROR] Updater:1120 - MainUpdater not yet initialized. External WinMGr cannot be set.
2024-01-24 16:40:55,213 [INFO] Updater:1056 - Updater Version found : 6.10.0
2024-01-24 16:40:55,233 [INFO] ApplicationProperties:184 - Using Application install path: C:\ST\STM32CubeIDE_1.13.2\STM32CubeIDE\plugins\com.st.stm32cube.common.mx_6.10.0.202311202037
2024-01-24 16:40:56,063 [INFO] MainUpdater:2873 - connection check result : 10
2024-01-24 16:40:56,066 [INFO] MainUpdater:290 - Updater Check For Update Now.
2024-01-24 16:40:56,067 [INFO] MicroXplorer:498 - Change Database Version : DB.6.0.100
2024-01-24 16:40:56,127 [INFO] McuFinderGlobals:63 - Set McuFinder mode to 2 (CubeIDE integrated)
2024-01-24 16:40:56,142 [INFO] UserAuth:404 - Internet connection configuration mode: 1
2024-01-24 16:40:56,173 [INFO] JxBrowserEngine:152 - Initiate JxBrowser Engine with user profile folder
2024-01-24 16:40:56,323 [INFO] CheckServerUpdateThread:120 - End of CheckServer Thread
2024-01-24 16:40:57,933 [WARN] PackLoader:240 - Cannot read IP mode file for STMicroelectronics.X-CUBE-SMBUS.2.1.0
2024-01-24 16:40:57,959 [WARN] PackLoader:240 - Cannot read IP mode file for STMicroelectronics.X-CUBE-TOUCHGFX.4.23.0
2024-01-24 16:40:58,014 [WARN] PackLoader:240 - Cannot read IP mode file for STMicroelectronics.X-CUBE-AZRTOS-F7.1.1.0
2024-01-24 16:40:58,038 [WARN] PackLoader:240 - Cannot read IP mode file for STMicroelectronics.FP-SNS-MOTENV1.4.3.2
2024-01-24 16:40:58,058 [WARN] PackLoader:240 - Cannot read IP mode file for STMicroelectronics.FP-SNS-FLIGHT1.5.0.2
2024-01-24 16:40:58,082 [WARN] PackLoader:240 - Cannot read IP mode file for STMicroelectronics.X-CUBE-DISPLAY.3.0.0
2024-01-24 16:40:58,108 [WARN] PackLoader:240 - Cannot read IP mode file for STMicroelectronics.X-CUBE-BLE1.7.0.0
2024-01-24 16:40:58,125 [WARN] PackLoader:240 - Cannot read IP mode file for emotas.I-CUBE-CANOPEN.1.3.0
2024-01-24 16:40:58,139 [WARN] PackLoader:240 - Cannot read IP mode file for STMicroelectronics.X-CUBE-TOUCHGFX.4.22.1
2024-01-24 16:40:58,156 [WARN] PackLoader:240 - Cannot read IP mode file for STMicroelectronics.FP-SNS-SMARTAG2.1.2.0
2024-01-24 16:40:58,185 [INFO] LogOutputStream:77 - [STDOUT_REDIRECT] 1 : Invalid condition id : UX_CORESTACK_Condition cause : null
2024-01-24 16:40:58,186 [INFO] LogOutputStream:77 - [STDOUT_REDIRECT] 1 : Invalid condition id : UX_CORESTACK_Condition cause : null
2024-01-24 16:40:58,187 [INFO] LogOutputStream:77 - [STDOUT_REDIRECT] 1 : Invalid condition id : UX_CORESTACK_Condition cause : null
2024-01-24 16:40:58,189 [INFO] LogOutputStream:77 - [STDOUT_REDIRECT] 1 : Invalid condition id : UX_CORESTACK_Condition cause : null
2024-01-24 16:40:58,191 [INFO] LogOutputStream:77 - [STDOUT_REDIRECT] 1 : Invalid condition id : UX_CORESTACK_Condition cause : null
2024-01-24 16:40:58,196 [WARN] PackLoader:240 - Cannot read IP mode file for STMicroelectronics.X-CUBE-AZRTOS-WL.2.0.0
2024-01-24 16:40:58,217 [WARN] PackLoader:240 - Cannot read IP mode file for WES.I-CUBE-Cesium.1.3.0
2024-01-24 16:40:58,232 [WARN] PackLoader:240 - Cannot read IP mode file for STMicroelectronics.X-CUBE-BLE2.3.3.0
2024-01-24 16:40:58,248 [WARN] PackLoader:240 - Cannot read IP mode file for STMicroelectronics.X-CUBE-ALGOBUILD.1.3.0
2024-01-24 16:40:58,284 [WARN] PackLoader:240 - Cannot read IP mode file for STMicroelectronics.X-CUBE-AZRTOS-G0.1.1.0
2024-01-24 16:40:58,306 [WARN] PackLoader:240 - Cannot read IP mode file for STMicroelectronics.X-CUBE-NFC4.3.0.0
2024-01-24 16:40:58,329 [WARN] PackLoader:240 - Cannot read IP mode file for STMicroelectronics.X-CUBE-BLEMGR.3.0.0
2024-01-24 16:40:58,347 [WARN] PackLoader:240 - Cannot read IP mode file for STMicroelectronics.FP-ATR-SIGFOX1.3.2.0
2024-01-24 16:40:58,388 [WARN] PackLoader:240 - Cannot read IP mode file for SEGGER.I-CUBE-embOS.1.3.1
2024-01-24 16:40:58,486 [WARN] PackLoader:240 - Cannot read IP mode file for STMicroelectronics.X-CUBE-GNSS1.6.0.0
2024-01-24 16:40:58,523 [WARN] PackLoader:240 - Cannot read IP mode file for STMicroelectronics.X-CUBE-AZRTOS-F4.1.1.0
2024-01-24 16:40:58,801 [WARN] PackLoader:240 - Cannot read IP mode file for wolfSSL.I-CUBE-wolfSSL.5.6.3
2024-01-24 16:40:58,835 [WARN] PackLoader:240 - Cannot read IP mode file for STMicroelectronics.X-CUBE-AZRTOS-L5.2.0.0
2024-01-24 16:40:58,852 [WARN] PackLoader:240 - Cannot read IP mode file for STMicroelectronics.X-CUBE-EEPRMA1.4.2.0
2024-01-24 16:40:58,867 [WARN] PackLoader:240 - Cannot read IP mode file for ITTIA_DB.I-CUBE-ITTIADB.8.8.0
2024-01-24 16:40:58,883 [WARN] PackLoader:240 - Cannot read IP mode file for STMicroelectronics.X-CUBE-BLEMGR.2.0.0
2024-01-24 16:40:58,929 [WARN] ConditionMgr:438 - getConditionDescription Invalid condition id : UX DEVICE CLASS RTOS Condition cause : null
2024-01-24 16:40:58,929 [WARN] ConditionMgr:438 - getConditionDescription Invalid condition id : UX DEVICE CLASS RTOS Condition cause : null
2024-01-24 16:40:58,934 [WARN] PackLoader:240 - Cannot read IP mode file for STMicroelectronics.X-CUBE-AZRTOS-H7.3.1.0
2024-01-24 16:40:58,935 [WARN] ConditionMgr:1039 - genDependencies : Invalid condition id : UX DEVICE CLASS RTOS Condition cause : null
2024-01-24 16:40:58,935 [WARN] ConditionMgr:1039 - genDependencies : Invalid condition id : UX DEVICE CLASS RTOS Condition cause : null
2024-01-24 16:40:58,936 [WARN] ConditionMgr:1039 - genDependencies : Invalid condition id : UX DEVICE CLASS RTOS Condition cause : null
2024-01-24 16:40:58,937 [WARN] ConditionMgr:1039 - genDependencies : Invalid condition id : UX DEVICE CLASS RTOS Condition cause : null
2024-01-24 16:40:58,937 [WARN] ConditionMgr:1039 - genDependencies : Invalid condition id : UX DEVICE CLASS RTOS Condition cause : null
2024-01-24 16:40:58,958 [WARN] PackLoader:240 - Cannot read IP mode file for STMicroelectronics.X-CUBE-NFC7.1.0.1
2024-01-24 16:40:58,979 [WARN] PackLoader:240 - Cannot read IP mode file for STMicroelectronics.X-CUBE-NFC6.3.0.0
2024-01-24 16:40:58,994 [WARN] PackLoader:240 - Cannot read IP mode file for STMicroelectronics.X-CUBE-EEPRMA1.4.1.0
2024-01-24 16:40:59,008 [WARN] PackLoader:240 - Cannot read IP mode file for STMicroelectronics.X-CUBE-AI.8.1.0
2024-01-24 16:40:59,049 [WARN] ConditionMgr:438 - getConditionDescription Invalid condition id : LAN8742 Phy interface Condition cause : null
2024-01-24 16:40:59,050 [WARN] PackLoader:240 - Cannot read IP mode file for STMicroelectronics.X-CUBE-AZRTOS-L4.2.0.0
2024-01-24 16:40:59,052 [WARN] ConditionMgr:1039 - genDependencies : Invalid condition id : LAN8742 Phy interface Condition cause : null
2024-01-24 16:40:59,052 [WARN] ConditionMgr:1039 - genDependencies : Invalid condition id : LAN8742 Phy interface Condition cause : null
2024-01-24 16:40:59,053 [WARN] ConditionMgr:1039 - genDependencies : Invalid condition id : LAN8742 Phy interface Condition cause : null
2024-01-24 16:40:59,075 [WARN] PackLoader:240 - Cannot read IP mode file for STMicroelectronics.X-CUBE-SFXS2LP1.4.0.0
2024-01-24 16:40:59,093 [WARN] PackLoader:240 - Cannot read IP mode file for STMicroelectronics.X-CUBE-ISPU.1.1.0
2024-01-24 16:40:59,118 [WARN] ConditionMgr:438 - getConditionDescription Invalid condition id : UX DEVICE CLASS RTOS Condition cause : null
2024-01-24 16:40:59,118 [WARN] ConditionMgr:438 - getConditionDescription Invalid condition id : UX DEVICE CLASS RTOS Condition cause : null
2024-01-24 16:40:59,120 [WARN] PackLoader:240 - Cannot read IP mode file for STMicroelectronics.X-CUBE-AZRTOS-WB.2.0.0
2024-01-24 16:40:59,120 [WARN] ConditionMgr:1039 - genDependencies : Invalid condition id : UX DEVICE CLASS RTOS Condition cause : null
2024-01-24 16:40:59,120 [WARN] ConditionMgr:1039 - genDependencies : Invalid condition id : UX DEVICE CLASS RTOS Condition cause : null
2024-01-24 16:40:59,121 [WARN] ConditionMgr:1039 - genDependencies : Invalid condition id : UX DEVICE CLASS RTOS Condition cause : null
2024-01-24 16:40:59,121 [WARN] ConditionMgr:1039 - genDependencies : Invalid condition id : UX DEVICE CLASS RTOS Condition cause : null
2024-01-24 16:40:59,121 [WARN] ConditionMgr:1039 - genDependencies : Invalid condition id : UX DEVICE CLASS RTOS Condition cause : null
2024-01-24 16:40:59,142 [WARN] PackLoader:240 - Cannot read IP mode file for STMicroelectronics.X-CUBE-SUBG2.5.0.0
2024-01-24 16:40:59,168 [WARN] PackLoader:240 - Cannot read IP mode file for STMicroelectronics.X-CUBE-TOF1.3.3.1
2024-01-24 16:40:59,216 [WARN] PackLoader:240 - Cannot read IP mode file for STMicroelectronics.X-CUBE-AZRTOS-G4.2.0.0
2024-01-24 16:40:59,251 [WARN] PackLoader:240 - Cannot read IP mode file for Infineon.AIROC-Wi-Fi-Bluetooth-STM32.1.5.1
2024-01-24 16:40:59,270 [WARN] PackLoader:240 - Cannot read IP mode file for STMicroelectronics.FP-SNS-MOTENVWB1.1.3.0
2024-01-24 16:40:59,287 [WARN] PackLoader:240 - Cannot read IP mode file for STMicroelectronics.FP-SNS-MOTENVWB1.1.3.1
2024-01-24 16:40:59,853 [WARN] PackLoader:240 - Cannot read IP mode file for STMicroelectronics.X-CUBE-ISPU.2.0.0
2024-01-24 16:40:59,932 [WARN] PackLoader:240 - Cannot read IP mode file for STMicroelectronics.X-CUBE-MEMS1.10.0.0
2024-01-24 16:41:00,200 [WARN] PackLoader:240 - Cannot read IP mode file for STMicroelectronics.X-CUBE-FREERTOS.1.1.0
2024-01-24 16:41:00,222 [WARN] PackLoader:240 - Cannot read IP mode file for portGmbH.I-Cube-SoM-uGOAL.1.1.0
2024-01-24 16:41:00,257 [WARN] PackLoader:240 - Cannot read IP mode file for STMicroelectronics.X-CUBE-ALS.1.0.1
2024-01-24 16:41:00,277 [WARN] PackLoader:240 - Cannot read IP mode file for STMicroelectronics.FP-ATR-ASTRA1.2.0.0
2024-01-24 16:41:00,315 [WARN] PackLoader:240 - Cannot read IP mode file for STMicroelectronics.X-CUBE-TOF1.3.4.0
2024-01-24 16:41:00,415 [WARN] PackLoader:240 - Cannot read IP mode file for STMicroelectronics.X-CUBE-AZRTOS-H7.3.2.0
2024-01-24 16:41:00,421 [INFO] ThirdParty:978 - Integrity check success = true
2024-01-24 16:41:00,421 [INFO] IntegrityCheckThread:100 - exiting critical section [integrity check]
2024-01-24 16:41:00,421 [INFO] IntegrityCheckThread:103 - End integrity checks thread
2024-01-24 16:41:00,499 [INFO] WebApp:161 - Instantiating new browser for Auth
2024-01-24 16:41:01,302 [INFO] WebApp:780 - Register for checkConnection events
2024-01-24 16:41:01,303 [INFO] WebApp:414 - Apply proxy settings
2024-01-24 16:41:01,303 [INFO] WebApp:499 - Chromium requires no authentication
2024-01-24 16:41:01,311 [INFO] WebApp:442 - Direct internet connection detected
2024-01-24 16:41:01,484 [INFO] WebApp:192 - Starting web application
2024-01-24 16:41:01,484 [INFO] WebApp:544 - Web application path used C:\ST\STM32CubeIDE_1.13.2\STM32CubeIDE\plugins\com.st.stm32cube.common.mx_6.10.0.202311202037\db\plugins\mcufinder\reactClient1\index.html
2024-01-24 16:41:22,608 [ERROR] LogOutputStream:75 - [STDERR_REDIRECT] SLF4J: Failed to load class "org.slf4j.impl.StaticLoggerBinder".
2024-01-24 16:41:22,608 [ERROR] LogOutputStream:75 - [STDERR_REDIRECT] SLF4J: Defaulting to no-operation (NOP) logger implementation
2024-01-24 16:41:22,610 [ERROR] LogOutputStream:75 - [STDERR_REDIRECT] SLF4J: See http://www.slf4j.org/codes.html#StaticLoggerBinder for further details.
